{
  "C:\\Users\\79229\\Desktop\\Otus\\gitHub\\PowerBody\\src\\firebase.ts": {
    "path": "C:\\Users\\79229\\Desktop\\Otus\\gitHub\\PowerBody\\src\\firebase.ts",
    "all": false,
    "statementMap": {
      "0": {
        "start": { "line": 1, "column": 0 },
        "end": { "line": 1, "column": 80 }
      },
      "1": {
        "start": { "line": 2, "column": 0 },
        "end": { "line": 2, "column": 45 }
      },
      "2": {
        "start": { "line": 3, "column": 0 },
        "end": { "line": 3, "column": 8 }
      },
      "3": {
        "start": { "line": 4, "column": 0 },
        "end": { "line": 4, "column": 33 }
      },
      "4": {
        "start": { "line": 5, "column": 0 },
        "end": { "line": 5, "column": 10 }
      },
      "5": {
        "start": { "line": 6, "column": 0 },
        "end": { "line": 6, "column": 29 }
      },
      "6": {
        "start": { "line": 7, "column": 0 },
        "end": { "line": 7, "column": 23 }
      },
      "7": {
        "start": { "line": 8, "column": 0 },
        "end": { "line": 8, "column": 8 }
      },
      "8": {
        "start": { "line": 9, "column": 0 },
        "end": { "line": 9, "column": 6 }
      },
      "9": {
        "start": { "line": 10, "column": 0 },
        "end": { "line": 10, "column": 29 }
      },
      "10": {
        "start": { "line": 11, "column": 0 },
        "end": { "line": 11, "column": 9 }
      },
      "11": {
        "start": { "line": 12, "column": 0 },
        "end": { "line": 12, "column": 15 }
      },
      "12": {
        "start": { "line": 13, "column": 0 },
        "end": { "line": 13, "column": 9 }
      },
      "13": {
        "start": { "line": 14, "column": 0 },
        "end": { "line": 14, "column": 12 }
      },
      "14": {
        "start": { "line": 15, "column": 0 },
        "end": { "line": 15, "column": 28 }
      },
      "15": {
        "start": { "line": 16, "column": 0 },
        "end": { "line": 16, "column": 0 }
      },
      "16": {
        "start": { "line": 17, "column": 0 },
        "end": { "line": 17, "column": 24 }
      },
      "17": {
        "start": { "line": 18, "column": 0 },
        "end": { "line": 18, "column": 52 }
      },
      "18": {
        "start": { "line": 19, "column": 0 },
        "end": { "line": 19, "column": 48 }
      },
      "19": {
        "start": { "line": 20, "column": 0 },
        "end": { "line": 20, "column": 31 }
      },
      "20": {
        "start": { "line": 21, "column": 0 },
        "end": { "line": 21, "column": 47 }
      },
      "21": {
        "start": { "line": 22, "column": 0 },
        "end": { "line": 22, "column": 35 }
      },
      "22": {
        "start": { "line": 23, "column": 0 },
        "end": { "line": 23, "column": 52 }
      },
      "23": {
        "start": { "line": 24, "column": 0 },
        "end": { "line": 24, "column": 2 }
      },
      "24": {
        "start": { "line": 25, "column": 0 },
        "end": { "line": 25, "column": 0 }
      },
      "25": {
        "start": { "line": 26, "column": 0 },
        "end": { "line": 26, "column": 42 }
      },
      "26": {
        "start": { "line": 27, "column": 0 },
        "end": { "line": 27, "column": 26 }
      },
      "27": {
        "start": { "line": 28, "column": 0 },
        "end": { "line": 28, "column": 29 }
      },
      "28": {
        "start": { "line": 29, "column": 0 },
        "end": { "line": 29, "column": 0 }
      },
      "29": {
        "start": { "line": 30, "column": 0 },
        "end": { "line": 30, "column": 23 }
      },
      "30": {
        "start": { "line": 31, "column": 0 },
        "end": { "line": 31, "column": 49 }
      },
      "31": {
        "start": { "line": 32, "column": 0 },
        "end": { "line": 32, "column": 21 }
      },
      "32": {
        "start": { "line": 33, "column": 0 },
        "end": { "line": 33, "column": 5 }
      },
      "33": {
        "start": { "line": 34, "column": 0 },
        "end": { "line": 34, "column": 1 }
      },
      "34": {
        "start": { "line": 35, "column": 0 },
        "end": { "line": 35, "column": 0 }
      },
      "35": {
        "start": { "line": 36, "column": 0 },
        "end": { "line": 36, "column": 72 }
      },
      "36": {
        "start": { "line": 37, "column": 0 },
        "end": { "line": 37, "column": 56 }
      },
      "37": {
        "start": { "line": 38, "column": 0 },
        "end": { "line": 38, "column": 25 }
      },
      "38": {
        "start": { "line": 39, "column": 0 },
        "end": { "line": 39, "column": 62 }
      },
      "39": {
        "start": { "line": 40, "column": 0 },
        "end": { "line": 40, "column": 12 }
      },
      "40": {
        "start": { "line": 41, "column": 0 },
        "end": { "line": 41, "column": 25 }
      },
      "41": {
        "start": { "line": 42, "column": 0 },
        "end": { "line": 42, "column": 5 }
      },
      "42": {
        "start": { "line": 43, "column": 0 },
        "end": { "line": 43, "column": 5 }
      },
      "43": {
        "start": { "line": 44, "column": 0 },
        "end": { "line": 44, "column": 0 }
      },
      "44": {
        "start": { "line": 45, "column": 0 },
        "end": { "line": 45, "column": 38 }
      },
      "45": {
        "start": { "line": 46, "column": 0 },
        "end": { "line": 46, "column": 21 }
      },
      "46": {
        "start": { "line": 47, "column": 0 },
        "end": { "line": 47, "column": 19 }
      },
      "47": {
        "start": { "line": 48, "column": 0 },
        "end": { "line": 48, "column": 24 }
      },
      "48": {
        "start": { "line": 49, "column": 0 },
        "end": { "line": 49, "column": 6 }
      },
      "49": {
        "start": { "line": 50, "column": 0 },
        "end": { "line": 50, "column": 20 }
      },
      "50": {
        "start": { "line": 51, "column": 0 },
        "end": { "line": 51, "column": 56 }
      },
      "51": {
        "start": { "line": 52, "column": 0 },
        "end": { "line": 52, "column": 2 }
      },
      "52": {
        "start": { "line": 53, "column": 0 },
        "end": { "line": 53, "column": 0 }
      },
      "53": {
        "start": { "line": 54, "column": 0 },
        "end": { "line": 54, "column": 41 }
      },
      "54": {
        "start": { "line": 55, "column": 0 },
        "end": { "line": 55, "column": 21 }
      },
      "55": {
        "start": { "line": 56, "column": 0 },
        "end": { "line": 56, "column": 19 }
      },
      "56": {
        "start": { "line": 57, "column": 0 },
        "end": { "line": 57, "column": 28 }
      },
      "57": {
        "start": { "line": 58, "column": 0 },
        "end": { "line": 58, "column": 33 }
      },
      "58": {
        "start": { "line": 59, "column": 0 },
        "end": { "line": 59, "column": 6 }
      },
      "59": {
        "start": { "line": 60, "column": 0 },
        "end": { "line": 60, "column": 54 }
      },
      "60": {
        "start": { "line": 61, "column": 0 },
        "end": { "line": 61, "column": 18 }
      },
      "61": {
        "start": { "line": 62, "column": 0 },
        "end": { "line": 62, "column": 35 }
      },
      "62": {
        "start": { "line": 63, "column": 0 },
        "end": { "line": 63, "column": 5 }
      },
      "63": {
        "start": { "line": 64, "column": 0 },
        "end": { "line": 64, "column": 2 }
      },
      "64": {
        "start": { "line": 65, "column": 0 },
        "end": { "line": 65, "column": 0 }
      },
      "65": {
        "start": { "line": 66, "column": 0 },
        "end": { "line": 66, "column": 39 }
      },
      "66": {
        "start": { "line": 67, "column": 0 },
        "end": { "line": 67, "column": 13 }
      },
      "67": {
        "start": { "line": 68, "column": 0 },
        "end": { "line": 68, "column": 20 }
      },
      "68": {
        "start": { "line": 69, "column": 0 },
        "end": { "line": 69, "column": 16 }
      },
      "69": {
        "start": { "line": 70, "column": 0 },
        "end": { "line": 70, "column": 6 }
      },
      "70": {
        "start": { "line": 71, "column": 0 },
        "end": { "line": 71, "column": 60 }
      },
      "71": {
        "start": { "line": 72, "column": 0 },
        "end": { "line": 72, "column": 62 }
      },
      "72": {
        "start": { "line": 73, "column": 0 },
        "end": { "line": 73, "column": 42 }
      },
      "73": {
        "start": { "line": 74, "column": 0 },
        "end": { "line": 74, "column": 5 }
      },
      "74": {
        "start": { "line": 75, "column": 0 },
        "end": { "line": 75, "column": 2 }
      },
      "75": {
        "start": { "line": 76, "column": 0 },
        "end": { "line": 76, "column": 0 }
      },
      "76": {
        "start": { "line": 77, "column": 0 },
        "end": { "line": 77, "column": 54 }
      },
      "77": {
        "start": { "line": 78, "column": 0 },
        "end": { "line": 78, "column": 73 }
      },
      "78": {
        "start": { "line": 79, "column": 0 },
        "end": { "line": 79, "column": 22 }
      },
      "79": {
        "start": { "line": 80, "column": 0 },
        "end": { "line": 80, "column": 24 }
      },
      "80": {
        "start": { "line": 81, "column": 0 },
        "end": { "line": 81, "column": 23 }
      },
      "81": {
        "start": { "line": 82, "column": 0 },
        "end": { "line": 82, "column": 19 }
      },
      "82": {
        "start": { "line": 83, "column": 0 },
        "end": { "line": 83, "column": 6 }
      },
      "83": {
        "start": { "line": 84, "column": 0 },
        "end": { "line": 84, "column": 20 }
      },
      "84": {
        "start": { "line": 85, "column": 0 },
        "end": { "line": 85, "column": 5 }
      },
      "85": {
        "start": { "line": 86, "column": 0 },
        "end": { "line": 86, "column": 0 }
      },
      "86": {
        "start": { "line": 87, "column": 0 },
        "end": { "line": 87, "column": 73 }
      },
      "87": {
        "start": { "line": 88, "column": 0 },
        "end": { "line": 88, "column": 77 }
      },
      "88": {
        "start": { "line": 89, "column": 0 },
        "end": { "line": 89, "column": 22 }
      },
      "89": {
        "start": { "line": 90, "column": 0 },
        "end": { "line": 90, "column": 24 }
      },
      "90": {
        "start": { "line": 91, "column": 0 },
        "end": { "line": 91, "column": 23 }
      },
      "91": {
        "start": { "line": 92, "column": 0 },
        "end": { "line": 92, "column": 19 }
      },
      "92": {
        "start": { "line": 93, "column": 0 },
        "end": { "line": 93, "column": 6 }
      },
      "93": {
        "start": { "line": 94, "column": 0 },
        "end": { "line": 94, "column": 47 }
      },
      "94": {
        "start": { "line": 95, "column": 0 },
        "end": { "line": 95, "column": 21 }
      },
      "95": {
        "start": { "line": 96, "column": 0 },
        "end": { "line": 96, "column": 25 }
      },
      "96": {
        "start": { "line": 97, "column": 0 },
        "end": { "line": 97, "column": 20 }
      },
      "97": {
        "start": { "line": 98, "column": 0 },
        "end": { "line": 98, "column": 22 }
      },
      "98": {
        "start": { "line": 99, "column": 0 },
        "end": { "line": 99, "column": 7 }
      },
      "99": {
        "start": { "line": 100, "column": 0 },
        "end": { "line": 100, "column": 20 }
      },
      "100": {
        "start": { "line": 101, "column": 0 },
        "end": { "line": 101, "column": 5 }
      }
    },
    "s": {
      "0": 1,
      "1": 1,
      "2": 1,
      "3": 1,
      "4": 1,
      "5": 1,
      "6": 1,
      "7": 1,
      "8": 1,
      "9": 1,
      "10": 1,
      "11": 1,
      "12": 1,
      "13": 1,
      "14": 1,
      "15": 1,
      "16": 1,
      "17": 1,
      "18": 1,
      "19": 1,
      "20": 1,
      "21": 1,
      "22": 1,
      "23": 1,
      "24": 1,
      "25": 1,
      "26": 1,
      "27": 1,
      "28": 1,
      "29": 1,
      "30": 0,
      "31": 0,
      "32": 0,
      "33": 0,
      "34": 1,
      "35": 1,
      "36": 1,
      "37": 1,
      "38": 1,
      "39": 1,
      "40": 1,
      "41": 1,
      "42": 1,
      "43": 1,
      "44": 1,
      "45": 1,
      "46": 1,
      "47": 1,
      "48": 1,
      "49": 1,
      "50": 1,
      "51": 1,
      "52": 1,
      "53": 1,
      "54": 1,
      "55": 1,
      "56": 1,
      "57": 1,
      "58": 1,
      "59": 1,
      "60": 1,
      "61": 1,
      "62": 1,
      "63": 1,
      "64": 1,
      "65": 1,
      "66": 1,
      "67": 1,
      "68": 1,
      "69": 1,
      "70": 1,
      "71": 1,
      "72": 1,
      "73": 1,
      "74": 1,
      "75": 1,
      "76": 1,
      "77": 1,
      "78": 1,
      "79": 1,
      "80": 1,
      "81": 1,
      "82": 1,
      "83": 1,
      "84": 1,
      "85": 1,
      "86": 1,
      "87": 1,
      "88": 1,
      "89": 1,
      "90": 1,
      "91": 1,
      "92": 1,
      "93": 1,
      "94": 1,
      "95": 1,
      "96": 1,
      "97": 1,
      "98": 1,
      "99": 1,
      "100": 1
    },
    "branchMap": {
      "0": {
        "type": "branch",
        "line": 30,
        "loc": {
          "start": { "line": 30, "column": 22 },
          "end": { "line": 34, "column": 1 }
        },
        "locations": [
          {
            "start": { "line": 30, "column": 22 },
            "end": { "line": 34, "column": 1 }
          }
        ]
      },
      "1": {
        "type": "branch",
        "line": 45,
        "loc": {
          "start": { "line": 45, "column": 28 },
          "end": { "line": 45, "column": 31 }
        },
        "locations": [
          {
            "start": { "line": 45, "column": 28 },
            "end": { "line": 45, "column": 31 }
          }
        ]
      },
      "2": {
        "type": "branch",
        "line": 54,
        "loc": {
          "start": { "line": 54, "column": 31 },
          "end": { "line": 54, "column": 34 }
        },
        "locations": [
          {
            "start": { "line": 54, "column": 31 },
            "end": { "line": 54, "column": 34 }
          }
        ]
      },
      "3": {
        "type": "branch",
        "line": 66,
        "loc": {
          "start": { "line": 66, "column": 29 },
          "end": { "line": 66, "column": 32 }
        },
        "locations": [
          {
            "start": { "line": 66, "column": 29 },
            "end": { "line": 66, "column": 32 }
          }
        ]
      }
    },
    "b": { "0": [0], "1": [13], "2": [13], "3": [13] },
    "fnMap": {
      "0": {
        "name": "getFirebaseData",
        "decl": {
          "start": { "line": 36, "column": 31 },
          "end": { "line": 36, "column": 13 }
        },
        "loc": {
          "start": { "line": 36, "column": 31 },
          "end": { "line": 36, "column": 13 }
        },
        "line": 36
      },
      "1": {
        "name": "_callee",
        "decl": {
          "start": { "line": 45, "column": 31 },
          "end": { "line": 45, "column": 38 }
        },
        "loc": {
          "start": { "line": 45, "column": 31 },
          "end": { "line": 45, "column": 38 }
        },
        "line": 45
      },
      "2": {
        "name": "setFirebaseData",
        "decl": {
          "start": { "line": 45, "column": 28 },
          "end": { "line": 45, "column": 31 }
        },
        "loc": {
          "start": { "line": 45, "column": 28 },
          "end": { "line": 45, "column": 31 }
        },
        "line": 45
      },
      "3": {
        "name": "_callee2",
        "decl": {
          "start": { "line": 54, "column": 34 },
          "end": { "line": 54, "column": 41 }
        },
        "loc": {
          "start": { "line": 54, "column": 34 },
          "end": { "line": 54, "column": 41 }
        },
        "line": 54
      },
      "4": {
        "name": "updateFirebaseData",
        "decl": {
          "start": { "line": 54, "column": 31 },
          "end": { "line": 54, "column": 34 }
        },
        "loc": {
          "start": { "line": 54, "column": 31 },
          "end": { "line": 54, "column": 34 }
        },
        "line": 54
      },
      "5": {
        "name": "_callee3",
        "decl": {
          "start": { "line": 66, "column": 32 },
          "end": { "line": 66, "column": 39 }
        },
        "loc": {
          "start": { "line": 66, "column": 32 },
          "end": { "line": 66, "column": 39 }
        },
        "line": 66
      },
      "6": {
        "name": "setFirebaseImage",
        "decl": {
          "start": { "line": 66, "column": 29 },
          "end": { "line": 66, "column": 32 }
        },
        "loc": {
          "start": { "line": 66, "column": 29 },
          "end": { "line": 66, "column": 32 }
        },
        "line": 66
      },
      "7": {
        "name": "signIn",
        "decl": {
          "start": { "line": 77, "column": 22 },
          "end": { "line": 77, "column": 13 }
        },
        "loc": {
          "start": { "line": 77, "column": 22 },
          "end": { "line": 77, "column": 13 }
        },
        "line": 77
      },
      "8": {
        "name": "signUp",
        "decl": {
          "start": { "line": 87, "column": 22 },
          "end": { "line": 87, "column": 13 }
        },
        "loc": {
          "start": { "line": 87, "column": 22 },
          "end": { "line": 87, "column": 13 }
        },
        "line": 87
      }
    },
    "f": {
      "0": 0,
      "1": 0,
      "2": 0,
      "3": 0,
      "4": 0,
      "5": 0,
      "6": 0,
      "7": 0,
      "8": 0
    }
  },
  "C:\\Users\\79229\\Desktop\\Otus\\gitHub\\PowerBody\\src\\components\\AvatarDynamic\\AvatarDynamic.tsx": {
    "path": "C:\\Users\\79229\\Desktop\\Otus\\gitHub\\PowerBody\\src\\components\\AvatarDynamic\\AvatarDynamic.tsx",
    "all": false,
    "statementMap": {
      "0": {
        "start": { "line": 1, "column": 0 },
        "end": { "line": 1, "column": 39 }
      },
      "1": {
        "start": { "line": 2, "column": 0 },
        "end": { "line": 2, "column": 41 }
      },
      "2": {
        "start": { "line": 3, "column": 0 },
        "end": { "line": 3, "column": 73 }
      },
      "3": {
        "start": { "line": 4, "column": 0 },
        "end": { "line": 4, "column": 71 }
      },
      "4": {
        "start": { "line": 5, "column": 0 },
        "end": { "line": 5, "column": 0 }
      },
      "5": {
        "start": { "line": 6, "column": 0 },
        "end": { "line": 6, "column": 17 }
      },
      "6": {
        "start": { "line": 7, "column": 0 },
        "end": { "line": 7, "column": 26 }
      },
      "7": {
        "start": { "line": 8, "column": 0 },
        "end": { "line": 8, "column": 1 }
      },
      "8": {
        "start": { "line": 9, "column": 0 },
        "end": { "line": 9, "column": 0 }
      },
      "9": {
        "start": { "line": 10, "column": 0 },
        "end": { "line": 10, "column": 60 }
      },
      "10": {
        "start": { "line": 11, "column": 0 },
        "end": { "line": 11, "column": 71 }
      },
      "11": {
        "start": { "line": 12, "column": 0 },
        "end": { "line": 12, "column": 36 }
      },
      "12": {
        "start": { "line": 13, "column": 0 },
        "end": { "line": 13, "column": 19 }
      },
      "13": {
        "start": { "line": 14, "column": 0 },
        "end": { "line": 14, "column": 44 }
      },
      "14": {
        "start": { "line": 15, "column": 0 },
        "end": { "line": 15, "column": 40 }
      },
      "15": {
        "start": { "line": 16, "column": 0 },
        "end": { "line": 16, "column": 5 }
      },
      "16": {
        "start": { "line": 17, "column": 0 },
        "end": { "line": 17, "column": 9 }
      },
      "17": {
        "start": { "line": 18, "column": 0 },
        "end": { "line": 18, "column": 10 }
      },
      "18": {
        "start": { "line": 19, "column": 0 },
        "end": { "line": 19, "column": 11 }
      },
      "19": {
        "start": { "line": 20, "column": 0 },
        "end": { "line": 20, "column": 18 }
      },
      "20": {
        "start": { "line": 21, "column": 0 },
        "end": { "line": 21, "column": 60 }
      },
      "21": {
        "start": { "line": 22, "column": 0 },
        "end": { "line": 22, "column": 74 }
      },
      "22": {
        "start": { "line": 23, "column": 0 },
        "end": { "line": 23, "column": 6 }
      },
      "23": {
        "start": { "line": 24, "column": 0 },
        "end": { "line": 24, "column": 4 }
      },
      "24": {
        "start": { "line": 25, "column": 0 },
        "end": { "line": 25, "column": 1 }
      }
    },
    "s": {
      "0": 1,
      "1": 1,
      "2": 1,
      "3": 1,
      "4": 1,
      "5": 1,
      "6": 1,
      "7": 1,
      "8": 1,
      "9": 1,
      "10": 2,
      "11": 2,
      "12": 2,
      "13": 2,
      "14": 2,
      "15": 2,
      "16": 2,
      "17": 2,
      "18": 2,
      "19": 2,
      "20": 2,
      "21": 2,
      "22": 2,
      "23": 2,
      "24": 2
    },
    "branchMap": {
      "0": {
        "type": "branch",
        "line": 10,
        "loc": {
          "start": { "line": 10, "column": 15 },
          "end": { "line": 25, "column": 1 }
        },
        "locations": [
          {
            "start": { "line": 10, "column": 15 },
            "end": { "line": 25, "column": 1 }
          }
        ]
      },
      "1": {
        "type": "branch",
        "line": 22,
        "loc": {
          "start": { "line": 22, "column": 11 },
          "end": { "line": 22, "column": 59 }
        },
        "locations": [
          {
            "start": { "line": 22, "column": 11 },
            "end": { "line": 22, "column": 59 }
          }
        ]
      },
      "2": {
        "type": "branch",
        "line": 22,
        "loc": {
          "start": { "line": 22, "column": 11 },
          "end": { "line": 22, "column": 74 }
        },
        "locations": [
          {
            "start": { "line": 22, "column": 11 },
            "end": { "line": 22, "column": 74 }
          }
        ]
      },
      "3": {
        "type": "branch",
        "line": 13,
        "loc": {
          "start": { "line": 13, "column": 12 },
          "end": { "line": 17, "column": 5 }
        },
        "locations": [
          {
            "start": { "line": 13, "column": 12 },
            "end": { "line": 17, "column": 5 }
          }
        ]
      }
    },
    "b": { "0": [2], "1": [1], "2": [1], "3": [2] },
    "fnMap": {
      "0": {
        "name": "AvatarDynamic",
        "decl": {
          "start": { "line": 10, "column": 15 },
          "end": { "line": 25, "column": 1 }
        },
        "loc": {
          "start": { "line": 10, "column": 15 },
          "end": { "line": 25, "column": 1 }
        },
        "line": 10
      }
    },
    "f": { "0": 2 }
  },
  "C:\\Users\\79229\\Desktop\\Otus\\gitHub\\PowerBody\\src\\components\\FormCreateWorkout\\FormCreateWorkout.tsx": {
    "path": "C:\\Users\\79229\\Desktop\\Otus\\gitHub\\PowerBody\\src\\components\\FormCreateWorkout\\FormCreateWorkout.tsx",
    "all": false,
    "statementMap": {
      "0": {
        "start": { "line": 1, "column": 0 },
        "end": { "line": 1, "column": 8 }
      },
      "1": {
        "start": { "line": 2, "column": 0 },
        "end": { "line": 2, "column": 9 }
      },
      "2": {
        "start": { "line": 3, "column": 0 },
        "end": { "line": 3, "column": 11 }
      },
      "3": {
        "start": { "line": 4, "column": 0 },
        "end": { "line": 4, "column": 9 }
      },
      "4": {
        "start": { "line": 5, "column": 0 },
        "end": { "line": 5, "column": 19 }
      },
      "5": {
        "start": { "line": 6, "column": 0 },
        "end": { "line": 6, "column": 12 }
      },
      "6": {
        "start": { "line": 7, "column": 0 },
        "end": { "line": 7, "column": 13 }
      },
      "7": {
        "start": { "line": 8, "column": 0 },
        "end": { "line": 8, "column": 23 }
      },
      "8": {
        "start": { "line": 9, "column": 0 },
        "end": { "line": 9, "column": 26 }
      },
      "9": {
        "start": { "line": 10, "column": 0 },
        "end": { "line": 10, "column": 71 }
      },
      "10": {
        "start": { "line": 11, "column": 0 },
        "end": { "line": 11, "column": 57 }
      },
      "11": {
        "start": { "line": 12, "column": 0 },
        "end": { "line": 12, "column": 51 }
      },
      "12": {
        "start": { "line": 13, "column": 0 },
        "end": { "line": 13, "column": 56 }
      },
      "13": {
        "start": { "line": 14, "column": 0 },
        "end": { "line": 14, "column": 56 }
      },
      "14": {
        "start": { "line": 15, "column": 0 },
        "end": { "line": 15, "column": 52 }
      },
      "15": {
        "start": { "line": 16, "column": 0 },
        "end": { "line": 16, "column": 47 }
      },
      "16": {
        "start": { "line": 17, "column": 0 },
        "end": { "line": 17, "column": 0 }
      },
      "17": {
        "start": { "line": 18, "column": 0 },
        "end": { "line": 18, "column": 30 }
      },
      "18": {
        "start": { "line": 19, "column": 0 },
        "end": { "line": 19, "column": 26 }
      },
      "19": {
        "start": { "line": 20, "column": 0 },
        "end": { "line": 20, "column": 17 }
      },
      "20": {
        "start": { "line": 21, "column": 0 },
        "end": { "line": 21, "column": 23 }
      },
      "21": {
        "start": { "line": 22, "column": 0 },
        "end": { "line": 22, "column": 23 }
      },
      "22": {
        "start": { "line": 23, "column": 0 },
        "end": { "line": 23, "column": 22 }
      },
      "23": {
        "start": { "line": 24, "column": 0 },
        "end": { "line": 24, "column": 22 }
      },
      "24": {
        "start": { "line": 25, "column": 0 },
        "end": { "line": 25, "column": 16 }
      },
      "25": {
        "start": { "line": 26, "column": 0 },
        "end": { "line": 26, "column": 13 }
      },
      "26": {
        "start": { "line": 27, "column": 0 },
        "end": { "line": 27, "column": 16 }
      },
      "27": {
        "start": { "line": 28, "column": 0 },
        "end": { "line": 28, "column": 28 }
      },
      "28": {
        "start": { "line": 29, "column": 0 },
        "end": { "line": 29, "column": 15 }
      },
      "29": {
        "start": { "line": 30, "column": 0 },
        "end": { "line": 30, "column": 1 }
      },
      "30": {
        "start": { "line": 31, "column": 0 },
        "end": { "line": 31, "column": 0 }
      },
      "31": {
        "start": { "line": 32, "column": 0 },
        "end": { "line": 32, "column": 36 }
      },
      "32": {
        "start": { "line": 33, "column": 0 },
        "end": { "line": 33, "column": 35 }
      },
      "33": {
        "start": { "line": 34, "column": 0 },
        "end": { "line": 34, "column": 39 }
      },
      "34": {
        "start": { "line": 35, "column": 0 },
        "end": { "line": 35, "column": 1 }
      },
      "35": {
        "start": { "line": 36, "column": 0 },
        "end": { "line": 36, "column": 0 }
      },
      "36": {
        "start": { "line": 37, "column": 0 },
        "end": { "line": 37, "column": 43 }
      },
      "37": {
        "start": { "line": 38, "column": 0 },
        "end": { "line": 38, "column": 10 }
      },
      "38": {
        "start": { "line": 39, "column": 0 },
        "end": { "line": 39, "column": 14 }
      },
      "39": {
        "start": { "line": 40, "column": 0 },
        "end": { "line": 40, "column": 23 }
      },
      "40": {
        "start": { "line": 41, "column": 0 },
        "end": { "line": 41, "column": 57 }
      },
      "41": {
        "start": { "line": 42, "column": 0 },
        "end": { "line": 42, "column": 22 }
      },
      "42": {
        "start": { "line": 43, "column": 0 },
        "end": { "line": 43, "column": 19 }
      },
      "43": {
        "start": { "line": 44, "column": 0 },
        "end": { "line": 44, "column": 21 }
      },
      "44": {
        "start": { "line": 45, "column": 0 },
        "end": { "line": 45, "column": 4 }
      },
      "45": {
        "start": { "line": 46, "column": 0 },
        "end": { "line": 46, "column": 0 }
      },
      "46": {
        "start": { "line": 47, "column": 0 },
        "end": { "line": 47, "column": 9 }
      },
      "47": {
        "start": { "line": 48, "column": 0 },
        "end": { "line": 48, "column": 21 }
      },
      "48": {
        "start": { "line": 49, "column": 0 },
        "end": { "line": 49, "column": 27 }
      },
      "49": {
        "start": { "line": 50, "column": 0 },
        "end": { "line": 50, "column": 27 }
      },
      "50": {
        "start": { "line": 51, "column": 0 },
        "end": { "line": 51, "column": 39 }
      },
      "51": {
        "start": { "line": 52, "column": 0 },
        "end": { "line": 52, "column": 0 }
      },
      "52": {
        "start": { "line": 53, "column": 0 },
        "end": { "line": 53, "column": 72 }
      },
      "53": {
        "start": { "line": 54, "column": 0 },
        "end": { "line": 54, "column": 33 }
      },
      "54": {
        "start": { "line": 55, "column": 0 },
        "end": { "line": 55, "column": 56 }
      },
      "55": {
        "start": { "line": 56, "column": 0 },
        "end": { "line": 56, "column": 35 }
      },
      "56": {
        "start": { "line": 57, "column": 0 },
        "end": { "line": 57, "column": 12 }
      },
      "57": {
        "start": { "line": 58, "column": 0 },
        "end": { "line": 58, "column": 28 }
      },
      "58": {
        "start": { "line": 59, "column": 0 },
        "end": { "line": 59, "column": 5 }
      },
      "59": {
        "start": { "line": 60, "column": 0 },
        "end": { "line": 60, "column": 33 }
      },
      "60": {
        "start": { "line": 61, "column": 0 },
        "end": { "line": 61, "column": 14 }
      },
      "61": {
        "start": { "line": 62, "column": 0 },
        "end": { "line": 62, "column": 5 }
      },
      "62": {
        "start": { "line": 63, "column": 0 },
        "end": { "line": 63, "column": 4 }
      },
      "63": {
        "start": { "line": 64, "column": 0 },
        "end": { "line": 64, "column": 0 }
      },
      "64": {
        "start": { "line": 65, "column": 0 },
        "end": { "line": 65, "column": 50 }
      },
      "65": {
        "start": { "line": 66, "column": 0 },
        "end": { "line": 66, "column": 20 }
      },
      "66": {
        "start": { "line": 67, "column": 0 },
        "end": { "line": 67, "column": 16 }
      },
      "67": {
        "start": { "line": 68, "column": 0 },
        "end": { "line": 68, "column": 22 }
      },
      "68": {
        "start": { "line": 69, "column": 0 },
        "end": { "line": 69, "column": 22 }
      },
      "69": {
        "start": { "line": 70, "column": 0 },
        "end": { "line": 70, "column": 23 }
      },
      "70": {
        "start": { "line": 71, "column": 0 },
        "end": { "line": 71, "column": 23 }
      },
      "71": {
        "start": { "line": 72, "column": 0 },
        "end": { "line": 72, "column": 42 }
      },
      "72": {
        "start": { "line": 73, "column": 0 },
        "end": { "line": 73, "column": 15 }
      },
      "73": {
        "start": { "line": 74, "column": 0 },
        "end": { "line": 74, "column": 17 }
      },
      "74": {
        "start": { "line": 75, "column": 0 },
        "end": { "line": 75, "column": 9 }
      },
      "75": {
        "start": { "line": 76, "column": 0 },
        "end": { "line": 76, "column": 26 }
      },
      "76": {
        "start": { "line": 77, "column": 0 },
        "end": { "line": 77, "column": 26 }
      },
      "77": {
        "start": { "line": 78, "column": 0 },
        "end": { "line": 78, "column": 10 }
      },
      "78": {
        "start": { "line": 79, "column": 0 },
        "end": { "line": 79, "column": 8 }
      },
      "79": {
        "start": { "line": 80, "column": 0 },
        "end": { "line": 80, "column": 18 }
      },
      "80": {
        "start": { "line": 81, "column": 0 },
        "end": { "line": 81, "column": 18 }
      },
      "81": {
        "start": { "line": 82, "column": 0 },
        "end": { "line": 82, "column": 19 }
      },
      "82": {
        "start": { "line": 83, "column": 0 },
        "end": { "line": 83, "column": 6 }
      },
      "83": {
        "start": { "line": 84, "column": 0 },
        "end": { "line": 84, "column": 5 }
      },
      "84": {
        "start": { "line": 85, "column": 0 },
        "end": { "line": 85, "column": 59 }
      },
      "85": {
        "start": { "line": 86, "column": 0 },
        "end": { "line": 86, "column": 10 }
      },
      "86": {
        "start": { "line": 87, "column": 0 },
        "end": { "line": 87, "column": 31 }
      },
      "87": {
        "start": { "line": 88, "column": 0 },
        "end": { "line": 88, "column": 46 }
      },
      "88": {
        "start": { "line": 89, "column": 0 },
        "end": { "line": 89, "column": 31 }
      },
      "89": {
        "start": { "line": 90, "column": 0 },
        "end": { "line": 90, "column": 40 }
      },
      "90": {
        "start": { "line": 91, "column": 0 },
        "end": { "line": 91, "column": 18 }
      },
      "91": {
        "start": { "line": 92, "column": 0 },
        "end": { "line": 92, "column": 56 }
      },
      "92": {
        "start": { "line": 93, "column": 0 },
        "end": { "line": 93, "column": 26 }
      },
      "93": {
        "start": { "line": 94, "column": 0 },
        "end": { "line": 94, "column": 38 }
      },
      "94": {
        "start": { "line": 95, "column": 0 },
        "end": { "line": 95, "column": 25 }
      },
      "95": {
        "start": { "line": 96, "column": 0 },
        "end": { "line": 96, "column": 28 }
      },
      "96": {
        "start": { "line": 97, "column": 0 },
        "end": { "line": 97, "column": 32 }
      },
      "97": {
        "start": { "line": 98, "column": 0 },
        "end": { "line": 98, "column": 10 }
      },
      "98": {
        "start": { "line": 99, "column": 0 },
        "end": { "line": 99, "column": 58 }
      },
      "99": {
        "start": { "line": 100, "column": 0 },
        "end": { "line": 100, "column": 18 }
      },
      "100": {
        "start": { "line": 101, "column": 0 },
        "end": { "line": 101, "column": 49 }
      },
      "101": {
        "start": { "line": 102, "column": 0 },
        "end": { "line": 102, "column": 26 }
      },
      "102": {
        "start": { "line": 103, "column": 0 },
        "end": { "line": 103, "column": 27 }
      },
      "103": {
        "start": { "line": 104, "column": 0 },
        "end": { "line": 104, "column": 25 }
      },
      "104": {
        "start": { "line": 105, "column": 0 },
        "end": { "line": 105, "column": 28 }
      },
      "105": {
        "start": { "line": 106, "column": 0 },
        "end": { "line": 106, "column": 33 }
      },
      "106": {
        "start": { "line": 107, "column": 0 },
        "end": { "line": 107, "column": 56 }
      },
      "107": {
        "start": { "line": 108, "column": 0 },
        "end": { "line": 108, "column": 13 }
      },
      "108": {
        "start": { "line": 109, "column": 0 },
        "end": { "line": 109, "column": 10 }
      },
      "109": {
        "start": { "line": 110, "column": 0 },
        "end": { "line": 110, "column": 18 }
      },
      "110": {
        "start": { "line": 111, "column": 0 },
        "end": { "line": 111, "column": 16 }
      },
      "111": {
        "start": { "line": 112, "column": 0 },
        "end": { "line": 112, "column": 28 }
      },
      "112": {
        "start": { "line": 113, "column": 0 },
        "end": { "line": 113, "column": 19 }
      },
      "113": {
        "start": { "line": 114, "column": 0 },
        "end": { "line": 114, "column": 32 }
      },
      "114": {
        "start": { "line": 115, "column": 0 },
        "end": { "line": 115, "column": 25 }
      },
      "115": {
        "start": { "line": 116, "column": 0 },
        "end": { "line": 116, "column": 47 }
      },
      "116": {
        "start": { "line": 117, "column": 0 },
        "end": { "line": 117, "column": 46 }
      },
      "117": {
        "start": { "line": 118, "column": 0 },
        "end": { "line": 118, "column": 13 }
      },
      "118": {
        "start": { "line": 119, "column": 0 },
        "end": { "line": 119, "column": 9 }
      },
      "119": {
        "start": { "line": 120, "column": 0 },
        "end": { "line": 120, "column": 56 }
      },
      "120": {
        "start": { "line": 121, "column": 0 },
        "end": { "line": 121, "column": 56 }
      },
      "121": {
        "start": { "line": 122, "column": 0 },
        "end": { "line": 122, "column": 56 }
      },
      "122": {
        "start": { "line": 123, "column": 0 },
        "end": { "line": 123, "column": 70 }
      },
      "123": {
        "start": { "line": 124, "column": 0 },
        "end": { "line": 124, "column": 20 }
      },
      "124": {
        "start": { "line": 125, "column": 0 },
        "end": { "line": 125, "column": 30 }
      },
      "125": {
        "start": { "line": 126, "column": 0 },
        "end": { "line": 126, "column": 39 }
      },
      "126": {
        "start": { "line": 127, "column": 0 },
        "end": { "line": 127, "column": 56 }
      },
      "127": {
        "start": { "line": 128, "column": 0 },
        "end": { "line": 128, "column": 13 }
      },
      "128": {
        "start": { "line": 129, "column": 0 },
        "end": { "line": 129, "column": 37 }
      },
      "129": {
        "start": { "line": 130, "column": 0 },
        "end": { "line": 130, "column": 37 }
      },
      "130": {
        "start": { "line": 131, "column": 0 },
        "end": { "line": 131, "column": 43 }
      },
      "131": {
        "start": { "line": 132, "column": 0 },
        "end": { "line": 132, "column": 10 }
      },
      "132": {
        "start": { "line": 133, "column": 0 },
        "end": { "line": 133, "column": 35 }
      },
      "133": {
        "start": { "line": 134, "column": 0 },
        "end": { "line": 134, "column": 31 }
      },
      "134": {
        "start": { "line": 135, "column": 0 },
        "end": { "line": 135, "column": 13 }
      },
      "135": {
        "start": { "line": 136, "column": 0 },
        "end": { "line": 136, "column": 17 }
      },
      "136": {
        "start": { "line": 137, "column": 0 },
        "end": { "line": 137, "column": 40 }
      },
      "137": {
        "start": { "line": 138, "column": 0 },
        "end": { "line": 138, "column": 38 }
      },
      "138": {
        "start": { "line": 139, "column": 0 },
        "end": { "line": 139, "column": 30 }
      },
      "139": {
        "start": { "line": 140, "column": 0 },
        "end": { "line": 140, "column": 29 }
      },
      "140": {
        "start": { "line": 141, "column": 0 },
        "end": { "line": 141, "column": 25 }
      },
      "141": {
        "start": { "line": 142, "column": 0 },
        "end": { "line": 142, "column": 11 }
      },
      "142": {
        "start": { "line": 143, "column": 0 },
        "end": { "line": 143, "column": 19 }
      },
      "143": {
        "start": { "line": 144, "column": 0 },
        "end": { "line": 144, "column": 19 }
      },
      "144": {
        "start": { "line": 145, "column": 0 },
        "end": { "line": 145, "column": 10 }
      },
      "145": {
        "start": { "line": 146, "column": 0 },
        "end": { "line": 146, "column": 71 }
      },
      "146": {
        "start": { "line": 147, "column": 0 },
        "end": { "line": 147, "column": 69 }
      },
      "147": {
        "start": { "line": 148, "column": 0 },
        "end": { "line": 148, "column": 13 }
      },
      "148": {
        "start": { "line": 149, "column": 0 },
        "end": { "line": 149, "column": 19 }
      },
      "149": {
        "start": { "line": 150, "column": 0 },
        "end": { "line": 150, "column": 4 }
      },
      "150": {
        "start": { "line": 151, "column": 0 },
        "end": { "line": 151, "column": 1 }
      }
    },
    "s": {
      "0": 1,
      "1": 1,
      "2": 1,
      "3": 1,
      "4": 1,
      "5": 1,
      "6": 1,
      "7": 1,
      "8": 1,
      "9": 1,
      "10": 1,
      "11": 1,
      "12": 1,
      "13": 1,
      "14": 1,
      "15": 1,
      "16": 1,
      "17": 1,
      "18": 1,
      "19": 1,
      "20": 1,
      "21": 1,
      "22": 1,
      "23": 1,
      "24": 1,
      "25": 1,
      "26": 1,
      "27": 1,
      "28": 1,
      "29": 1,
      "30": 1,
      "31": 1,
      "32": 1,
      "33": 1,
      "34": 1,
      "35": 1,
      "36": 1,
      "37": 9,
      "38": 9,
      "39": 9,
      "40": 9,
      "41": 9,
      "42": 9,
      "43": 9,
      "44": 9,
      "45": 9,
      "46": 9,
      "47": 9,
      "48": 9,
      "49": 9,
      "50": 9,
      "51": 9,
      "52": 9,
      "53": 2,
      "54": 1,
      "55": 1,
      "56": 1,
      "57": 1,
      "58": 1,
      "59": 2,
      "60": 0,
      "61": 0,
      "62": 2,
      "63": 9,
      "64": 9,
      "65": 9,
      "66": 9,
      "67": 9,
      "68": 9,
      "69": 9,
      "70": 9,
      "71": 9,
      "72": 9,
      "73": 9,
      "74": 9,
      "75": 9,
      "76": 9,
      "77": 9,
      "78": 9,
      "79": 9,
      "80": 9,
      "81": 9,
      "82": 9,
      "83": 9,
      "84": 9,
      "85": 9,
      "86": 9,
      "87": 9,
      "88": 9,
      "89": 9,
      "90": 9,
      "91": 9,
      "92": 9,
      "93": 9,
      "94": 9,
      "95": 9,
      "96": 9,
      "97": 9,
      "98": 9,
      "99": 9,
      "100": 9,
      "101": 9,
      "102": 9,
      "103": 9,
      "104": 9,
      "105": 9,
      "106": 9,
      "107": 9,
      "108": 9,
      "109": 9,
      "110": 9,
      "111": 9,
      "112": 9,
      "113": 9,
      "114": 9,
      "115": 9,
      "116": 9,
      "117": 9,
      "118": 9,
      "119": 9,
      "120": 9,
      "121": 9,
      "122": 9,
      "123": 9,
      "124": 9,
      "125": 9,
      "126": 9,
      "127": 9,
      "128": 9,
      "129": 9,
      "130": 9,
      "131": 9,
      "132": 9,
      "133": 5,
      "134": 5,
      "135": 9,
      "136": 9,
      "137": 9,
      "138": 9,
      "139": 9,
      "140": 9,
      "141": 9,
      "142": 9,
      "143": 9,
      "144": 9,
      "145": 9,
      "146": 9,
      "147": 9,
      "148": 9,
      "149": 9,
      "150": 9
    },
    "branchMap": {
      "0": {
        "type": "branch",
        "line": 37,
        "loc": {
          "start": { "line": 37, "column": 15 },
          "end": { "line": 151, "column": 1 }
        },
        "locations": [
          {
            "start": { "line": 37, "column": 15 },
            "end": { "line": 151, "column": 1 }
          }
        ]
      },
      "1": {
        "type": "branch",
        "line": 41,
        "loc": {
          "start": { "line": 41, "column": 29 },
          "end": { "line": 41, "column": 32 }
        },
        "locations": [
          {
            "start": { "line": 41, "column": 29 },
            "end": { "line": 41, "column": 32 }
          }
        ]
      },
      "2": {
        "type": "branch",
        "line": 133,
        "loc": {
          "start": { "line": 133, "column": 9 },
          "end": { "line": 134, "column": 11 }
        },
        "locations": [
          {
            "start": { "line": 133, "column": 9 },
            "end": { "line": 134, "column": 11 }
          }
        ]
      },
      "3": {
        "type": "branch",
        "line": 133,
        "loc": {
          "start": { "line": 133, "column": 9 },
          "end": { "line": 136, "column": 11 }
        },
        "locations": [
          {
            "start": { "line": 133, "column": 9 },
            "end": { "line": 136, "column": 11 }
          }
        ]
      },
      "4": {
        "type": "branch",
        "line": 146,
        "loc": {
          "start": { "line": 146, "column": 9 },
          "end": { "line": 146, "column": 36 }
        },
        "locations": [
          {
            "start": { "line": 146, "column": 9 },
            "end": { "line": 146, "column": 36 }
          }
        ]
      },
      "5": {
        "type": "branch",
        "line": 147,
        "loc": {
          "start": { "line": 147, "column": 9 },
          "end": { "line": 147, "column": 34 }
        },
        "locations": [
          {
            "start": { "line": 147, "column": 9 },
            "end": { "line": 147, "column": 34 }
          }
        ]
      },
      "6": {
        "type": "branch",
        "line": 51,
        "loc": {
          "start": { "line": 51, "column": 21 },
          "end": { "line": 51, "column": 22 }
        },
        "locations": [
          {
            "start": { "line": 51, "column": 21 },
            "end": { "line": 51, "column": 22 }
          }
        ]
      },
      "7": {
        "type": "branch",
        "line": 53,
        "loc": {
          "start": { "line": 53, "column": 57 },
          "end": { "line": 63, "column": 4 }
        },
        "locations": [
          {
            "start": { "line": 53, "column": 57 },
            "end": { "line": 63, "column": 4 }
          }
        ]
      },
      "8": {
        "type": "branch",
        "line": 54,
        "loc": {
          "start": { "line": 54, "column": 32 },
          "end": { "line": 59, "column": 5 }
        },
        "locations": [
          {
            "start": { "line": 54, "column": 32 },
            "end": { "line": 59, "column": 5 }
          }
        ]
      },
      "9": {
        "type": "branch",
        "line": 60,
        "loc": {
          "start": { "line": 60, "column": 32 },
          "end": { "line": 62, "column": 5 }
        },
        "locations": [
          {
            "start": { "line": 60, "column": 32 },
            "end": { "line": 62, "column": 5 }
          }
        ]
      }
    },
    "b": {
      "0": [9],
      "1": [2],
      "2": [4],
      "3": [5],
      "4": [3],
      "5": [0],
      "6": [9],
      "7": [2],
      "8": [1],
      "9": [0]
    },
    "fnMap": {
      "0": {
        "name": "FormCreateWorkout",
        "decl": {
          "start": { "line": 37, "column": 15 },
          "end": { "line": 151, "column": 1 }
        },
        "loc": {
          "start": { "line": 37, "column": 15 },
          "end": { "line": 151, "column": 1 }
        },
        "line": 37
      },
      "1": {
        "name": "onSubmit",
        "decl": {
          "start": { "line": 53, "column": 57 },
          "end": { "line": 63, "column": 4 }
        },
        "loc": {
          "start": { "line": 53, "column": 57 },
          "end": { "line": 63, "column": 4 }
        },
        "line": 53
      }
    },
    "f": { "0": 9, "1": 2 }
  },
  "C:\\Users\\79229\\Desktop\\Otus\\gitHub\\PowerBody\\src\\components\\FormCreateWorkout\\InputFileImgPreview.tsx": {
    "path": "C:\\Users\\79229\\Desktop\\Otus\\gitHub\\PowerBody\\src\\components\\FormCreateWorkout\\InputFileImgPreview.tsx",
    "all": false,
    "statementMap": {
      "0": {
        "start": { "line": 1, "column": 0 },
        "end": { "line": 1, "column": 36 }
      },
      "1": {
        "start": { "line": 2, "column": 0 },
        "end": { "line": 2, "column": 79 }
      },
      "2": {
        "start": { "line": 3, "column": 0 },
        "end": { "line": 3, "column": 49 }
      },
      "3": {
        "start": { "line": 4, "column": 0 },
        "end": { "line": 4, "column": 66 }
      },
      "4": {
        "start": { "line": 5, "column": 0 },
        "end": { "line": 5, "column": 58 }
      },
      "5": {
        "start": { "line": 6, "column": 0 },
        "end": { "line": 6, "column": 66 }
      },
      "6": {
        "start": { "line": 7, "column": 0 },
        "end": { "line": 7, "column": 0 }
      },
      "7": {
        "start": { "line": 8, "column": 0 },
        "end": { "line": 8, "column": 33 }
      },
      "8": {
        "start": { "line": 9, "column": 0 },
        "end": { "line": 9, "column": 33 }
      },
      "9": {
        "start": { "line": 10, "column": 0 },
        "end": { "line": 10, "column": 21 }
      },
      "10": {
        "start": { "line": 11, "column": 0 },
        "end": { "line": 11, "column": 23 }
      },
      "11": {
        "start": { "line": 12, "column": 0 },
        "end": { "line": 12, "column": 50 }
      },
      "12": {
        "start": { "line": 13, "column": 0 },
        "end": { "line": 13, "column": 1 }
      },
      "13": {
        "start": { "line": 14, "column": 0 },
        "end": { "line": 14, "column": 0 }
      },
      "14": {
        "start": { "line": 15, "column": 0 },
        "end": { "line": 15, "column": 47 }
      },
      "15": {
        "start": { "line": 16, "column": 0 },
        "end": { "line": 16, "column": 40 }
      },
      "16": {
        "start": { "line": 17, "column": 0 },
        "end": { "line": 17, "column": 55 }
      },
      "17": {
        "start": { "line": 18, "column": 0 },
        "end": { "line": 18, "column": 48 }
      },
      "18": {
        "start": { "line": 19, "column": 0 },
        "end": { "line": 19, "column": 0 }
      },
      "19": {
        "start": { "line": 20, "column": 0 },
        "end": { "line": 20, "column": 69 }
      },
      "20": {
        "start": { "line": 21, "column": 0 },
        "end": { "line": 21, "column": 18 }
      },
      "21": {
        "start": { "line": 22, "column": 0 },
        "end": { "line": 22, "column": 4 }
      },
      "22": {
        "start": { "line": 23, "column": 0 },
        "end": { "line": 23, "column": 0 }
      },
      "23": {
        "start": { "line": 24, "column": 0 },
        "end": { "line": 24, "column": 53 }
      },
      "24": {
        "start": { "line": 25, "column": 0 },
        "end": { "line": 25, "column": 33 }
      },
      "25": {
        "start": { "line": 26, "column": 0 },
        "end": { "line": 26, "column": 62 }
      },
      "26": {
        "start": { "line": 27, "column": 0 },
        "end": { "line": 27, "column": 36 }
      },
      "27": {
        "start": { "line": 28, "column": 0 },
        "end": { "line": 28, "column": 20 }
      },
      "28": {
        "start": { "line": 29, "column": 0 },
        "end": { "line": 29, "column": 5 }
      },
      "29": {
        "start": { "line": 30, "column": 0 },
        "end": { "line": 30, "column": 17 }
      },
      "30": {
        "start": { "line": 31, "column": 0 },
        "end": { "line": 31, "column": 9 }
      },
      "31": {
        "start": { "line": 32, "column": 0 },
        "end": { "line": 32, "column": 0 }
      },
      "32": {
        "start": { "line": 33, "column": 0 },
        "end": { "line": 33, "column": 58 }
      },
      "33": {
        "start": { "line": 34, "column": 0 },
        "end": { "line": 34, "column": 33 }
      },
      "34": {
        "start": { "line": 35, "column": 0 },
        "end": { "line": 35, "column": 17 }
      },
      "35": {
        "start": { "line": 36, "column": 0 },
        "end": { "line": 36, "column": 32 }
      },
      "36": {
        "start": { "line": 37, "column": 0 },
        "end": { "line": 37, "column": 50 }
      },
      "37": {
        "start": { "line": 38, "column": 0 },
        "end": { "line": 38, "column": 25 }
      },
      "38": {
        "start": { "line": 39, "column": 0 },
        "end": { "line": 39, "column": 7 }
      },
      "39": {
        "start": { "line": 40, "column": 0 },
        "end": { "line": 40, "column": 21 }
      },
      "40": {
        "start": { "line": 41, "column": 0 },
        "end": { "line": 41, "column": 5 }
      },
      "41": {
        "start": { "line": 42, "column": 0 },
        "end": { "line": 42, "column": 17 }
      },
      "42": {
        "start": { "line": 43, "column": 0 },
        "end": { "line": 43, "column": 9 }
      },
      "43": {
        "start": { "line": 44, "column": 0 },
        "end": { "line": 44, "column": 0 }
      },
      "44": {
        "start": { "line": 45, "column": 0 },
        "end": { "line": 45, "column": 10 }
      },
      "45": {
        "start": { "line": 46, "column": 0 },
        "end": { "line": 46, "column": 6 }
      },
      "46": {
        "start": { "line": 47, "column": 0 },
        "end": { "line": 47, "column": 49 }
      },
      "47": {
        "start": { "line": 48, "column": 0 },
        "end": { "line": 48, "column": 75 }
      },
      "48": {
        "start": { "line": 49, "column": 0 },
        "end": { "line": 49, "column": 14 }
      },
      "49": {
        "start": { "line": 50, "column": 0 },
        "end": { "line": 50, "column": 29 }
      },
      "50": {
        "start": { "line": 51, "column": 0 },
        "end": { "line": 51, "column": 21 }
      },
      "51": {
        "start": { "line": 52, "column": 0 },
        "end": { "line": 52, "column": 34 }
      },
      "52": {
        "start": { "line": 53, "column": 0 },
        "end": { "line": 53, "column": 26 }
      },
      "53": {
        "start": { "line": 54, "column": 0 },
        "end": { "line": 54, "column": 16 }
      },
      "54": {
        "start": { "line": 55, "column": 0 },
        "end": { "line": 55, "column": 10 }
      },
      "55": {
        "start": { "line": 56, "column": 0 },
        "end": { "line": 56, "column": 12 }
      },
      "56": {
        "start": { "line": 57, "column": 0 },
        "end": { "line": 57, "column": 20 }
      },
      "57": {
        "start": { "line": 58, "column": 0 },
        "end": { "line": 58, "column": 34 }
      },
      "58": {
        "start": { "line": 59, "column": 0 },
        "end": { "line": 59, "column": 19 }
      },
      "59": {
        "start": { "line": 60, "column": 0 },
        "end": { "line": 60, "column": 35 }
      },
      "60": {
        "start": { "line": 61, "column": 0 },
        "end": { "line": 61, "column": 27 }
      },
      "61": {
        "start": { "line": 62, "column": 0 },
        "end": { "line": 62, "column": 26 }
      },
      "62": {
        "start": { "line": 63, "column": 0 },
        "end": { "line": 63, "column": 22 }
      },
      "63": {
        "start": { "line": 64, "column": 0 },
        "end": { "line": 64, "column": 8 }
      },
      "64": {
        "start": { "line": 65, "column": 0 },
        "end": { "line": 65, "column": 7 }
      },
      "65": {
        "start": { "line": 66, "column": 0 },
        "end": { "line": 66, "column": 4 }
      },
      "66": {
        "start": { "line": 67, "column": 0 },
        "end": { "line": 67, "column": 1 }
      }
    },
    "s": {
      "0": 1,
      "1": 1,
      "2": 1,
      "3": 1,
      "4": 1,
      "5": 1,
      "6": 1,
      "7": 1,
      "8": 1,
      "9": 1,
      "10": 1,
      "11": 1,
      "12": 1,
      "13": 1,
      "14": 1,
      "15": 21,
      "16": 21,
      "17": 21,
      "18": 21,
      "19": 21,
      "20": 1,
      "21": 1,
      "22": 21,
      "23": 21,
      "24": 3,
      "25": 3,
      "26": 3,
      "27": 3,
      "28": 3,
      "29": 3,
      "30": 21,
      "31": 21,
      "32": 21,
      "33": 1,
      "34": 1,
      "35": 1,
      "36": 1,
      "37": 1,
      "38": 1,
      "39": 1,
      "40": 1,
      "41": 1,
      "42": 21,
      "43": 21,
      "44": 21,
      "45": 21,
      "46": 21,
      "47": 21,
      "48": 21,
      "49": 21,
      "50": 21,
      "51": 21,
      "52": 21,
      "53": 21,
      "54": 21,
      "55": 21,
      "56": 21,
      "57": 21,
      "58": 21,
      "59": 21,
      "60": 21,
      "61": 21,
      "62": 21,
      "63": 21,
      "64": 21,
      "65": 21,
      "66": 21
    },
    "branchMap": {
      "0": {
        "type": "branch",
        "line": 15,
        "loc": {
          "start": { "line": 15, "column": 15 },
          "end": { "line": 67, "column": 1 }
        },
        "locations": [
          {
            "start": { "line": 15, "column": 15 },
            "end": { "line": 67, "column": 1 }
          }
        ]
      },
      "1": {
        "type": "branch",
        "line": 20,
        "loc": {
          "start": { "line": 20, "column": 58 },
          "end": { "line": 22, "column": 4 }
        },
        "locations": [
          {
            "start": { "line": 20, "column": 58 },
            "end": { "line": 22, "column": 4 }
          }
        ]
      },
      "2": {
        "type": "branch",
        "line": 24,
        "loc": {
          "start": { "line": 24, "column": 36 },
          "end": { "line": 31, "column": 5 }
        },
        "locations": [
          {
            "start": { "line": 24, "column": 36 },
            "end": { "line": 31, "column": 5 }
          }
        ]
      },
      "3": {
        "type": "branch",
        "line": 24,
        "loc": {
          "start": { "line": 24, "column": 52 },
          "end": { "line": 24, "column": 53 }
        },
        "locations": [
          {
            "start": { "line": 24, "column": 52 },
            "end": { "line": 24, "column": 53 }
          }
        ]
      },
      "4": {
        "type": "branch",
        "line": 24,
        "loc": {
          "start": { "line": 24, "column": 52 },
          "end": { "line": 24, "column": 53 }
        },
        "locations": [
          {
            "start": { "line": 24, "column": 52 },
            "end": { "line": 24, "column": 53 }
          }
        ]
      },
      "5": {
        "type": "branch",
        "line": 25,
        "loc": {
          "start": { "line": 25, "column": 4 },
          "end": { "line": 25, "column": 19 }
        },
        "locations": [
          {
            "start": { "line": 25, "column": 4 },
            "end": { "line": 25, "column": 19 }
          }
        ]
      },
      "6": {
        "type": "branch",
        "line": 25,
        "loc": {
          "start": { "line": 25, "column": 4 },
          "end": { "line": 25, "column": 19 }
        },
        "locations": [
          {
            "start": { "line": 25, "column": 4 },
            "end": { "line": 25, "column": 19 }
          }
        ]
      },
      "7": {
        "type": "branch",
        "line": 25,
        "loc": {
          "start": { "line": 25, "column": 4 },
          "end": { "line": 25, "column": 19 }
        },
        "locations": [
          {
            "start": { "line": 25, "column": 4 },
            "end": { "line": 25, "column": 19 }
          }
        ]
      },
      "8": {
        "type": "branch",
        "line": 25,
        "loc": {
          "start": { "line": 25, "column": 4 },
          "end": { "line": 28, "column": 13 }
        },
        "locations": [
          {
            "start": { "line": 25, "column": 4 },
            "end": { "line": 28, "column": 13 }
          }
        ]
      },
      "9": {
        "type": "branch",
        "line": 25,
        "loc": {
          "start": { "line": 25, "column": 4 },
          "end": { "line": 25, "column": 19 }
        },
        "locations": [
          {
            "start": { "line": 25, "column": 4 },
            "end": { "line": 25, "column": 19 }
          }
        ]
      },
      "10": {
        "type": "branch",
        "line": 25,
        "loc": {
          "start": { "line": 25, "column": 4 },
          "end": { "line": 25, "column": 19 }
        },
        "locations": [
          {
            "start": { "line": 25, "column": 4 },
            "end": { "line": 25, "column": 19 }
          }
        ]
      },
      "11": {
        "type": "branch",
        "line": 33,
        "loc": {
          "start": { "line": 33, "column": 34 },
          "end": { "line": 43, "column": 5 }
        },
        "locations": [
          {
            "start": { "line": 33, "column": 34 },
            "end": { "line": 43, "column": 5 }
          }
        ]
      },
      "12": {
        "type": "branch",
        "line": 33,
        "loc": {
          "start": { "line": 33, "column": 57 },
          "end": { "line": 33, "column": 58 }
        },
        "locations": [
          {
            "start": { "line": 33, "column": 57 },
            "end": { "line": 33, "column": 58 }
          }
        ]
      },
      "13": {
        "type": "branch",
        "line": 33,
        "loc": {
          "start": { "line": 33, "column": 57 },
          "end": { "line": 33, "column": 58 }
        },
        "locations": [
          {
            "start": { "line": 33, "column": 57 },
            "end": { "line": 33, "column": 58 }
          }
        ]
      },
      "14": {
        "type": "branch",
        "line": 34,
        "loc": {
          "start": { "line": 34, "column": 4 },
          "end": { "line": 34, "column": 19 }
        },
        "locations": [
          {
            "start": { "line": 34, "column": 4 },
            "end": { "line": 34, "column": 19 }
          }
        ]
      },
      "15": {
        "type": "branch",
        "line": 34,
        "loc": {
          "start": { "line": 34, "column": 4 },
          "end": { "line": 34, "column": 19 }
        },
        "locations": [
          {
            "start": { "line": 34, "column": 4 },
            "end": { "line": 34, "column": 19 }
          }
        ]
      },
      "16": {
        "type": "branch",
        "line": 34,
        "loc": {
          "start": { "line": 34, "column": 4 },
          "end": { "line": 34, "column": 19 }
        },
        "locations": [
          {
            "start": { "line": 34, "column": 4 },
            "end": { "line": 34, "column": 19 }
          }
        ]
      },
      "17": {
        "type": "branch",
        "line": 34,
        "loc": {
          "start": { "line": 34, "column": 4 },
          "end": { "line": 34, "column": 19 }
        },
        "locations": [
          {
            "start": { "line": 34, "column": 4 },
            "end": { "line": 34, "column": 19 }
          }
        ]
      },
      "18": {
        "type": "branch",
        "line": 34,
        "loc": {
          "start": { "line": 34, "column": 4 },
          "end": { "line": 34, "column": 19 }
        },
        "locations": [
          {
            "start": { "line": 34, "column": 4 },
            "end": { "line": 34, "column": 19 }
          }
        ]
      },
      "19": {
        "type": "branch",
        "line": 34,
        "loc": {
          "start": { "line": 34, "column": 4 },
          "end": { "line": 38, "column": 19 }
        },
        "locations": [
          {
            "start": { "line": 34, "column": 4 },
            "end": { "line": 38, "column": 19 }
          }
        ]
      },
      "20": {
        "type": "branch",
        "line": 34,
        "loc": {
          "start": { "line": 34, "column": 4 },
          "end": { "line": 40, "column": 13 }
        },
        "locations": [
          {
            "start": { "line": 34, "column": 4 },
            "end": { "line": 40, "column": 13 }
          }
        ]
      },
      "21": {
        "type": "branch",
        "line": 34,
        "loc": {
          "start": { "line": 34, "column": 4 },
          "end": { "line": 34, "column": 19 }
        },
        "locations": [
          {
            "start": { "line": 34, "column": 4 },
            "end": { "line": 34, "column": 19 }
          }
        ]
      },
      "22": {
        "type": "branch",
        "line": 34,
        "loc": {
          "start": { "line": 34, "column": 4 },
          "end": { "line": 34, "column": 19 }
        },
        "locations": [
          {
            "start": { "line": 34, "column": 4 },
            "end": { "line": 34, "column": 19 }
          }
        ]
      }
    },
    "b": {
      "0": [21],
      "1": [1],
      "2": [3],
      "3": [3],
      "4": [3],
      "5": [3],
      "6": [6],
      "7": [3],
      "8": [3],
      "9": [3],
      "10": [3],
      "11": [1],
      "12": [1],
      "13": [1],
      "14": [1],
      "15": [1],
      "16": [2],
      "17": [1],
      "18": [0],
      "19": [0],
      "20": [1],
      "21": [1],
      "22": [1]
    },
    "fnMap": {
      "0": {
        "name": "InputFileImgPreview",
        "decl": {
          "start": { "line": 15, "column": 15 },
          "end": { "line": 67, "column": 1 }
        },
        "loc": {
          "start": { "line": 15, "column": 15 },
          "end": { "line": 67, "column": 1 }
        },
        "line": 15
      },
      "1": {
        "name": "setStateOpen",
        "decl": {
          "start": { "line": 20, "column": 58 },
          "end": { "line": 22, "column": 4 }
        },
        "loc": {
          "start": { "line": 20, "column": 58 },
          "end": { "line": 22, "column": 4 }
        },
        "line": 20
      },
      "2": {
        "name": "doFileRead",
        "decl": {
          "start": { "line": 24, "column": 52 },
          "end": { "line": 24, "column": 53 }
        },
        "loc": {
          "start": { "line": 24, "column": 52 },
          "end": { "line": 24, "column": 53 }
        },
        "line": 24
      },
      "3": {
        "name": "_doFileRead",
        "decl": {
          "start": { "line": 24, "column": 52 },
          "end": { "line": 24, "column": 53 }
        },
        "loc": {
          "start": { "line": 24, "column": 52 },
          "end": { "line": 24, "column": 53 }
        },
        "line": 24
      },
      "4": {
        "name": "_callee",
        "decl": {
          "start": { "line": 25, "column": 4 },
          "end": { "line": 25, "column": 19 }
        },
        "loc": {
          "start": { "line": 25, "column": 4 },
          "end": { "line": 25, "column": 19 }
        },
        "line": 25
      },
      "5": {
        "name": "_callee$",
        "decl": {
          "start": { "line": 25, "column": 4 },
          "end": { "line": 25, "column": 19 }
        },
        "loc": {
          "start": { "line": 25, "column": 4 },
          "end": { "line": 25, "column": 19 }
        },
        "line": 25
      },
      "6": {
        "name": "doFileRead",
        "decl": {
          "start": { "line": 33, "column": 57 },
          "end": { "line": 33, "column": 58 }
        },
        "loc": {
          "start": { "line": 33, "column": 57 },
          "end": { "line": 33, "column": 58 }
        },
        "line": 33
      },
      "7": {
        "name": "_doFileRead2",
        "decl": {
          "start": { "line": 33, "column": 57 },
          "end": { "line": 33, "column": 58 }
        },
        "loc": {
          "start": { "line": 33, "column": 57 },
          "end": { "line": 33, "column": 58 }
        },
        "line": 33
      },
      "8": {
        "name": "_callee2",
        "decl": {
          "start": { "line": 34, "column": 4 },
          "end": { "line": 34, "column": 19 }
        },
        "loc": {
          "start": { "line": 34, "column": 4 },
          "end": { "line": 34, "column": 19 }
        },
        "line": 34
      },
      "9": {
        "name": "_callee2$",
        "decl": {
          "start": { "line": 34, "column": 4 },
          "end": { "line": 34, "column": 19 }
        },
        "loc": {
          "start": { "line": 34, "column": 4 },
          "end": { "line": 34, "column": 19 }
        },
        "line": 34
      }
    },
    "f": {
      "0": 21,
      "1": 1,
      "2": 3,
      "3": 3,
      "4": 3,
      "5": 6,
      "6": 1,
      "7": 1,
      "8": 1,
      "9": 1
    }
  },
  "C:\\Users\\79229\\Desktop\\Otus\\gitHub\\PowerBody\\src\\components\\FormCreateWorkout\\InputGroupWorkout.tsx": {
    "path": "C:\\Users\\79229\\Desktop\\Otus\\gitHub\\PowerBody\\src\\components\\FormCreateWorkout\\InputGroupWorkout.tsx",
    "all": false,
    "statementMap": {
      "0": {
        "start": { "line": 1, "column": 0 },
        "end": { "line": 1, "column": 8 }
      },
      "1": {
        "start": { "line": 2, "column": 0 },
        "end": { "line": 2, "column": 12 }
      },
      "2": {
        "start": { "line": 3, "column": 0 },
        "end": { "line": 3, "column": 19 }
      },
      "3": {
        "start": { "line": 4, "column": 0 },
        "end": { "line": 4, "column": 13 }
      },
      "4": {
        "start": { "line": 5, "column": 0 },
        "end": { "line": 5, "column": 19 }
      },
      "5": {
        "start": { "line": 6, "column": 0 },
        "end": { "line": 6, "column": 12 }
      },
      "6": {
        "start": { "line": 7, "column": 0 },
        "end": { "line": 7, "column": 13 }
      },
      "7": {
        "start": { "line": 8, "column": 0 },
        "end": { "line": 8, "column": 6 }
      },
      "8": {
        "start": { "line": 9, "column": 0 },
        "end": { "line": 9, "column": 9 }
      },
      "9": {
        "start": { "line": 10, "column": 0 },
        "end": { "line": 10, "column": 23 }
      },
      "10": {
        "start": { "line": 11, "column": 0 },
        "end": { "line": 11, "column": 26 }
      },
      "11": {
        "start": { "line": 12, "column": 0 },
        "end": { "line": 12, "column": 64 }
      },
      "12": {
        "start": { "line": 13, "column": 0 },
        "end": { "line": 13, "column": 60 }
      },
      "13": {
        "start": { "line": 14, "column": 0 },
        "end": { "line": 14, "column": 46 }
      },
      "14": {
        "start": { "line": 15, "column": 0 },
        "end": { "line": 15, "column": 52 }
      },
      "15": {
        "start": { "line": 16, "column": 0 },
        "end": { "line": 16, "column": 0 }
      },
      "16": {
        "start": { "line": 17, "column": 0 },
        "end": { "line": 17, "column": 45 }
      },
      "17": {
        "start": { "line": 18, "column": 0 },
        "end": { "line": 18, "column": 60 }
      },
      "18": {
        "start": { "line": 19, "column": 0 },
        "end": { "line": 19, "column": 0 }
      },
      "19": {
        "start": { "line": 20, "column": 0 },
        "end": { "line": 20, "column": 52 }
      },
      "20": {
        "start": { "line": 21, "column": 0 },
        "end": { "line": 21, "column": 12 }
      },
      "21": {
        "start": { "line": 22, "column": 0 },
        "end": { "line": 22, "column": 21 }
      },
      "22": {
        "start": { "line": 23, "column": 0 },
        "end": { "line": 23, "column": 5 }
      },
      "23": {
        "start": { "line": 24, "column": 0 },
        "end": { "line": 24, "column": 0 }
      },
      "24": {
        "start": { "line": 25, "column": 0 },
        "end": { "line": 25, "column": 50 }
      },
      "25": {
        "start": { "line": 26, "column": 0 },
        "end": { "line": 26, "column": 37 }
      },
      "26": {
        "start": { "line": 27, "column": 0 },
        "end": { "line": 27, "column": 36 }
      },
      "27": {
        "start": { "line": 28, "column": 0 },
        "end": { "line": 28, "column": 64 }
      },
      "28": {
        "start": { "line": 29, "column": 0 },
        "end": { "line": 29, "column": 56 }
      },
      "29": {
        "start": { "line": 30, "column": 0 },
        "end": { "line": 30, "column": 27 }
      },
      "30": {
        "start": { "line": 31, "column": 0 },
        "end": { "line": 31, "column": 4 }
      },
      "31": {
        "start": { "line": 32, "column": 0 },
        "end": { "line": 32, "column": 0 }
      },
      "32": {
        "start": { "line": 33, "column": 0 },
        "end": { "line": 33, "column": 43 }
      },
      "33": {
        "start": { "line": 34, "column": 0 },
        "end": { "line": 34, "column": 37 }
      },
      "34": {
        "start": { "line": 35, "column": 0 },
        "end": { "line": 35, "column": 36 }
      },
      "35": {
        "start": { "line": 36, "column": 0 },
        "end": { "line": 36, "column": 31 }
      },
      "36": {
        "start": { "line": 37, "column": 0 },
        "end": { "line": 37, "column": 27 }
      },
      "37": {
        "start": { "line": 38, "column": 0 },
        "end": { "line": 38, "column": 4 }
      },
      "38": {
        "start": { "line": 39, "column": 0 },
        "end": { "line": 39, "column": 0 }
      },
      "39": {
        "start": { "line": 40, "column": 0 },
        "end": { "line": 40, "column": 20 }
      },
      "40": {
        "start": { "line": 41, "column": 0 },
        "end": { "line": 41, "column": 5 }
      },
      "41": {
        "start": { "line": 42, "column": 0 },
        "end": { "line": 42, "column": 26 }
      },
      "42": {
        "start": { "line": 43, "column": 0 },
        "end": { "line": 43, "column": 31 }
      },
      "43": {
        "start": { "line": 44, "column": 0 },
        "end": { "line": 44, "column": 5 }
      },
      "44": {
        "start": { "line": 45, "column": 0 },
        "end": { "line": 45, "column": 4 }
      },
      "45": {
        "start": { "line": 46, "column": 0 },
        "end": { "line": 46, "column": 0 }
      },
      "46": {
        "start": { "line": 47, "column": 0 },
        "end": { "line": 47, "column": 52 }
      },
      "47": {
        "start": { "line": 48, "column": 0 },
        "end": { "line": 48, "column": 0 }
      },
      "48": {
        "start": { "line": 49, "column": 0 },
        "end": { "line": 49, "column": 10 }
      },
      "49": {
        "start": { "line": 50, "column": 0 },
        "end": { "line": 50, "column": 38 }
      },
      "50": {
        "start": { "line": 51, "column": 0 },
        "end": { "line": 51, "column": 52 }
      },
      "51": {
        "start": { "line": 52, "column": 0 },
        "end": { "line": 52, "column": 66 }
      },
      "52": {
        "start": { "line": 53, "column": 0 },
        "end": { "line": 53, "column": 27 }
      },
      "53": {
        "start": { "line": 54, "column": 0 },
        "end": { "line": 54, "column": 40 }
      },
      "54": {
        "start": { "line": 55, "column": 0 },
        "end": { "line": 55, "column": 43 }
      },
      "55": {
        "start": { "line": 56, "column": 0 },
        "end": { "line": 56, "column": 43 }
      },
      "56": {
        "start": { "line": 57, "column": 0 },
        "end": { "line": 57, "column": 31 }
      },
      "57": {
        "start": { "line": 58, "column": 0 },
        "end": { "line": 58, "column": 11 }
      },
      "58": {
        "start": { "line": 59, "column": 0 },
        "end": { "line": 59, "column": 76 }
      },
      "59": {
        "start": { "line": 60, "column": 0 },
        "end": { "line": 60, "column": 29 }
      },
      "60": {
        "start": { "line": 61, "column": 0 },
        "end": { "line": 61, "column": 28 }
      },
      "61": {
        "start": { "line": 62, "column": 0 },
        "end": { "line": 62, "column": 22 }
      },
      "62": {
        "start": { "line": 63, "column": 0 },
        "end": { "line": 63, "column": 64 }
      },
      "63": {
        "start": { "line": 64, "column": 0 },
        "end": { "line": 64, "column": 30 }
      },
      "64": {
        "start": { "line": 65, "column": 0 },
        "end": { "line": 65, "column": 40 }
      },
      "65": {
        "start": { "line": 66, "column": 0 },
        "end": { "line": 66, "column": 29 }
      },
      "66": {
        "start": { "line": 67, "column": 0 },
        "end": { "line": 67, "column": 32 }
      },
      "67": {
        "start": { "line": 68, "column": 0 },
        "end": { "line": 68, "column": 66 }
      },
      "68": {
        "start": { "line": 69, "column": 0 },
        "end": { "line": 69, "column": 60 }
      },
      "69": {
        "start": { "line": 70, "column": 0 },
        "end": { "line": 70, "column": 17 }
      },
      "70": {
        "start": { "line": 71, "column": 0 },
        "end": { "line": 71, "column": 14 }
      },
      "71": {
        "start": { "line": 72, "column": 0 },
        "end": { "line": 72, "column": 66 }
      },
      "72": {
        "start": { "line": 73, "column": 0 },
        "end": { "line": 73, "column": 24 }
      },
      "73": {
        "start": { "line": 74, "column": 0 },
        "end": { "line": 74, "column": 67 }
      },
      "74": {
        "start": { "line": 75, "column": 0 },
        "end": { "line": 75, "column": 32 }
      },
      "75": {
        "start": { "line": 76, "column": 0 },
        "end": { "line": 76, "column": 27 }
      },
      "76": {
        "start": { "line": 77, "column": 0 },
        "end": { "line": 77, "column": 34 }
      },
      "77": {
        "start": { "line": 78, "column": 0 },
        "end": { "line": 78, "column": 31 }
      },
      "78": {
        "start": { "line": 79, "column": 0 },
        "end": { "line": 79, "column": 34 }
      },
      "79": {
        "start": { "line": 80, "column": 0 },
        "end": { "line": 80, "column": 75 }
      },
      "80": {
        "start": { "line": 81, "column": 0 },
        "end": { "line": 81, "column": 62 }
      },
      "81": {
        "start": { "line": 82, "column": 0 },
        "end": { "line": 82, "column": 19 }
      },
      "82": {
        "start": { "line": 83, "column": 0 },
        "end": { "line": 83, "column": 16 }
      },
      "83": {
        "start": { "line": 84, "column": 0 },
        "end": { "line": 84, "column": 15 }
      },
      "84": {
        "start": { "line": 85, "column": 0 },
        "end": { "line": 85, "column": 23 }
      },
      "85": {
        "start": { "line": 86, "column": 0 },
        "end": { "line": 86, "column": 54 }
      },
      "86": {
        "start": { "line": 87, "column": 0 },
        "end": { "line": 87, "column": 29 }
      },
      "87": {
        "start": { "line": 88, "column": 0 },
        "end": { "line": 88, "column": 30 }
      },
      "88": {
        "start": { "line": 89, "column": 0 },
        "end": { "line": 89, "column": 49 }
      },
      "89": {
        "start": { "line": 90, "column": 0 },
        "end": { "line": 90, "column": 13 }
      },
      "90": {
        "start": { "line": 91, "column": 0 },
        "end": { "line": 91, "column": 25 }
      },
      "91": {
        "start": { "line": 92, "column": 0 },
        "end": { "line": 92, "column": 25 }
      },
      "92": {
        "start": { "line": 93, "column": 0 },
        "end": { "line": 93, "column": 23 }
      },
      "93": {
        "start": { "line": 94, "column": 0 },
        "end": { "line": 94, "column": 52 }
      },
      "94": {
        "start": { "line": 95, "column": 0 },
        "end": { "line": 95, "column": 57 }
      },
      "95": {
        "start": { "line": 96, "column": 0 },
        "end": { "line": 96, "column": 61 }
      },
      "96": {
        "start": { "line": 97, "column": 0 },
        "end": { "line": 97, "column": 13 }
      },
      "97": {
        "start": { "line": 98, "column": 0 },
        "end": { "line": 98, "column": 28 }
      },
      "98": {
        "start": { "line": 99, "column": 0 },
        "end": { "line": 99, "column": 25 }
      },
      "99": {
        "start": { "line": 100, "column": 0 },
        "end": { "line": 100, "column": 29 }
      },
      "100": {
        "start": { "line": 101, "column": 0 },
        "end": { "line": 101, "column": 20 }
      },
      "101": {
        "start": { "line": 102, "column": 0 },
        "end": { "line": 102, "column": 9 }
      },
      "102": {
        "start": { "line": 103, "column": 0 },
        "end": { "line": 103, "column": 44 }
      },
      "103": {
        "start": { "line": 104, "column": 0 },
        "end": { "line": 104, "column": 12 }
      },
      "104": {
        "start": { "line": 105, "column": 0 },
        "end": { "line": 105, "column": 48 }
      },
      "105": {
        "start": { "line": 106, "column": 0 },
        "end": { "line": 106, "column": 27 }
      },
      "106": {
        "start": { "line": 107, "column": 0 },
        "end": { "line": 107, "column": 26 }
      },
      "107": {
[...]
        "end": { "line": 144, "column": 3 }
      },
      "144": {
        "start": { "line": 145, "column": 0 },
        "end": { "line": 145, "column": 1 }
      }
    },
    "s": {
      "0": 1,
      "1": 1,
      "2": 1,
      "3": 1,
      "4": 1,
      "5": 1,
      "6": 1,
      "7": 1,
      "8": 1,
      "9": 1,
      "10": 1,
      "11": 7,
      "12": 7,
      "13": 7,
      "14": 7,
      "15": 7,
      "16": 7,
      "17": 7,
      "18": 7,
      "19": 7,
      "20": 49,
      "21": 112,
      "22": 420,
      "23": 168,
      "24": 168,
      "25": 168,
      "26": 48,
      "27": 48,
      "28": 168,
      "29": 120,
      "30": 120,
      "31": 120,
      "32": 0,
      "33": 0,
      "34": 0,
      "35": 420,
      "36": 252,
      "37": 126,
      "38": 126,
      "39": 252,
      "40": 189,
      "41": 189,
      "42": 189,
      "43": 54,
      "44": 54,
      "45": 189,
      "46": 135,
      "47": 135,
      "48": 135,
      "49": 0,
      "50": 0,
      "51": 0,
      "52": 252,
      "53": 63,
      "54": 63,
      "55": 63,
      "56": 420,
      "57": 420,
      "58": 182,
      "59": 420,
      "60": 238,
      "61": 238,
      "62": 420,
      "63": 112,
      "64": 49,
      "65": 7,
      "66": 7,
      "67": 7,
      "68": 7,
      "69": 7,
      "70": 7,
      "71": 7,
      "72": 7,
      "73": 7,
      "74": 7,
      "75": 7,
      "76": 7,
      "77": 7,
      "78": 7,
      "79": 7,
      "80": 7,
      "81": 7,
      "82": 7,
      "83": 7,
      "84": 7,
      "85": 7,
      "86": 7,
      "87": 7,
      "88": 7,
      "89": 7,
      "90": 7,
      "91": 7,
      "92": 7,
      "93": 7,
      "94": 7,
      "95": 7,
      "96": 4,
      "97": 0,
      "98": 0,
      "99": 0,
      "100": 0,
      "101": 0,
      "102": 0,
      "103": 0,
      "104": 0,
      "105": 0,
      "106": 0,
      "107": 0,
      "108": 0,
      "109": 0,
      "110": 0,
      "111": 7,
      "112": 1,
      "113": 0,
      "114": 0,
      "115": 0,
      "116": 0,
      "117": 0,
      "118": 0,
      "119": 0,
      "120": 0,
      "121": 0,
      "122": 0,
      "123": 0,
      "124": 0,
      "125": 0,
      "126": 0,
      "127": 7,
      "128": 2,
      "129": 0,
      "130": 0,
      "131": 0,
      "132": 0,
      "133": 0,
      "134": 0,
      "135": 0,
      "136": 0,
      "137": 0,
      "138": 0,
      "139": 0,
      "140": 0,
      "141": 0,
      "142": 0,
      "143": 7,
      "144": 7
    },
    "branchMap": {
      "0": {
        "type": "branch",
        "line": 11,
        "loc": {
          "start": { "line": 11, "column": 7 },
          "end": { "line": 145, "column": 1 }
        },
        "locations": [
          {
            "start": { "line": 11, "column": 7 },
            "end": { "line": 145, "column": 1 }
          }
        ]
      },
      "1": {
        "type": "branch",
        "line": 96,
        "loc": {
          "start": { "line": 96, "column": 4 },
          "end": { "line": 111, "column": 12 }
        },
        "locations": [
          {
            "start": { "line": 96, "column": 4 },
            "end": { "line": 111, "column": 12 }
          }
        ]
      },
      "2": {
        "type": "branch",
        "line": 98,
        "loc": {
          "start": { "line": 98, "column": 8 },
          "end": { "line": 99, "column": 17 }
        },
        "locations": [
          {
            "start": { "line": 98, "column": 8 },
            "end": { "line": 99, "column": 17 }
          }
        ]
      },
      "3": {
        "type": "branch",
        "line": 99,
        "loc": {
          "start": { "line": 99, "column": 17 },
          "end": { "line": 100, "column": 27 }
        },
        "locations": [
          {
            "start": { "line": 99, "column": 17 },
            "end": { "line": 100, "column": 27 }
          }
        ]
      },
      "4": {
        "type": "branch",
        "line": 99,
        "loc": {
          "start": { "line": 99, "column": 17 },
          "end": { "line": 101, "column": 27 }
        },
        "locations": [
          {
            "start": { "line": 99, "column": 17 },
            "end": { "line": 101, "column": 27 }
          }
        ]
      },
      "5": {
        "type": "branch",
        "line": 102,
        "loc": {
          "start": { "line": 102, "column": 8 },
          "end": { "line": 103, "column": 17 }
        },
        "locations": [
          {
            "start": { "line": 102, "column": 8 },
            "end": { "line": 103, "column": 17 }
          }
        ]
      },
      "6": {
        "type": "branch",
        "line": 106,
        "loc": {
          "start": { "line": 106, "column": 8 },
          "end": { "line": 107, "column": 17 }
        },
        "locations": [
          {
            "start": { "line": 106, "column": 8 },
            "end": { "line": 107, "column": 17 }
          }
        ]
      },
      "7": {
        "type": "branch",
        "line": 107,
        "loc": {
          "start": { "line": 107, "column": 17 },
          "end": { "line": 108, "column": 27 }
        },
        "locations": [
          {
            "start": { "line": 107, "column": 17 },
            "end": { "line": 108, "column": 27 }
          }
        ]
      },
      "8": {
        "type": "branch",
        "line": 97,
        "loc": {
          "start": { "line": 97, "column": 6 },
          "end": { "line": 111, "column": 12 }
        },
        "locations": [
          {
            "start": { "line": 97, "column": 6 },
            "end": { "line": 111, "column": 12 }
          }
        ]
      },
      "9": {
        "type": "branch",
        "line": 112,
        "loc": {
          "start": { "line": 112, "column": 4 },
          "end": { "line": 127, "column": 12 }
        },
        "locations": [
          {
            "start": { "line": 112, "column": 4 },
            "end": { "line": 127, "column": 12 }
          }
        ]
      },
      "10": {
        "type": "branch",
        "line": 114,
        "loc": {
          "start": { "line": 114, "column": 8 },
          "end": { "line": 115, "column": 17 }
        },
        "locations": [
          {
            "start": { "line": 114, "column": 8 },
            "end": { "line": 115, "column": 17 }
          }
        ]
      },
      "11": {
        "type": "branch",
        "line": 118,
        "loc": {
          "start": { "line": 118, "column": 8 },
          "end": { "line": 119, "column": 17 }
        },
        "locations": [
          {
            "start": { "line": 118, "column": 8 },
            "end": { "line": 119, "column": 17 }
          }
        ]
      },
      "12": {
        "type": "branch",
        "line": 123,
        "loc": {
          "start": { "line": 123, "column": 17 },
          "end": { "line": 125, "column": 27 }
        },
        "locations": [
          {
            "start": { "line": 123, "column": 17 },
            "end": { "line": 125, "column": 27 }
          }
        ]
      },
      "13": {
        "type": "branch",
        "line": 113,
        "loc": {
          "start": { "line": 113, "column": 6 },
          "end": { "line": 127, "column": 12 }
        },
        "locations": [
          {
            "start": { "line": 113, "column": 6 },
            "end": { "line": 127, "column": 12 }
          }
        ]
      },
      "14": {
        "type": "branch",
        "line": 128,
        "loc": {
          "start": { "line": 128, "column": 4 },
          "end": { "line": 143, "column": 12 }
        },
        "locations": [
          {
            "start": { "line": 128, "column": 4 },
            "end": { "line": 143, "column": 12 }
          }
        ]
      },
      "15": {
        "type": "branch",
        "line": 130,
        "loc": {
          "start": { "line": 130, "column": 8 },
          "end": { "line": 131, "column": 17 }
        },
        "locations": [
          {
            "start": { "line": 130, "column": 8 },
            "end": { "line": 131, "column": 17 }
          }
        ]
      },
      "16": {
        "type": "branch",
        "line": 135,
        "loc": {
          "start": { "line": 135, "column": 17 },
          "end": { "line": 136, "column": 27 }
        },
        "locations": [
          {
            "start": { "line": 135, "column": 17 },
            "end": { "line": 136, "column": 27 }
          }
        ]
      },
      "17": {
        "type": "branch",
        "line": 135,
        "loc": {
          "start": { "line": 135, "column": 17 },
          "end": { "line": 137, "column": 27 }
        },
        "locations": [
          {
            "start": { "line": 135, "column": 17 },
            "end": { "line": 137, "column": 27 }
          }
        ]
      },
      "18": {
        "type": "branch",
        "line": 138,
        "loc": {
          "start": { "line": 138, "column": 8 },
          "end": { "line": 139, "column": 17 }
        },
        "locations": [
          {
            "start": { "line": 138, "column": 8 },
            "end": { "line": 139, "column": 17 }
          }
        ]
      },
      "19": {
        "type": "branch",
        "line": 129,
        "loc": {
          "start": { "line": 129, "column": 6 },
          "end": { "line": 143, "column": 12 }
        },
        "locations": [
          {
            "start": { "line": 129, "column": 6 },
            "end": { "line": 143, "column": 12 }
          }
        ]
      },
      "20": {
        "type": "branch",
        "line": 12,
        "loc": {
          "start": { "line": 12, "column": 2 },
          "end": { "line": 93, "column": 3 }
        },
        "locations": [
          {
            "start": { "line": 12, "column": 2 },
            "end": { "line": 93, "column": 3 }
          }
        ]
      },
      "21": {
        "type": "branch",
        "line": 20,
        "loc": {
          "start": { "line": 20, "column": 34 },
          "end": { "line": 65, "column": 5 }
        },
        "locations": [
          {
            "start": { "line": 20, "column": 34 },
            "end": { "line": 65, "column": 5 }
          }
        ]
      },
      "22": {
        "type": "branch",
        "line": 68,
        "loc": {
          "start": { "line": 68, "column": 6 },
          "end": { "line": 69, "column": 15 }
        },
        "locations": [
          {
            "start": { "line": 68, "column": 6 },
            "end": { "line": 69, "column": 15 }
          }
        ]
      },
      "23": {
        "type": "branch",
        "line": 74,
        "loc": {
          "start": { "line": 74, "column": 6 },
          "end": { "line": 75, "column": 15 }
        },
        "locations": [
          {
            "start": { "line": 74, "column": 6 },
            "end": { "line": 75, "column": 15 }
          }
        ]
      },
      "24": {
        "type": "branch",
        "line": 80,
        "loc": {
          "start": { "line": 80, "column": 6 },
          "end": { "line": 81, "column": 15 }
        },
        "locations": [
          {
            "start": { "line": 80, "column": 6 },
            "end": { "line": 81, "column": 15 }
          }
        ]
      },
      "25": {
        "type": "branch",
        "line": 86,
        "loc": {
          "start": { "line": 86, "column": 6 },
          "end": { "line": 87, "column": 15 }
        },
        "locations": [
          {
            "start": { "line": 86, "column": 6 },
            "end": { "line": 87, "column": 15 }
          }
        ]
      },
      "26": {
        "type": "branch",
        "line": 12,
        "loc": {
          "start": { "line": 12, "column": 76 },
          "end": { "line": 12, "column": 77 }
        },
        "locations": [
          {
            "start": { "line": 12, "column": 76 },
            "end": { "line": 12, "column": 77 }
          }
        ]
      },
      "27": {
        "type": "branch",
        "line": 21,
        "loc": {
          "start": { "line": 21, "column": 48 },
          "end": { "line": 64, "column": 9 }
        },
        "locations": [
          {
            "start": { "line": 21, "column": 48 },
            "end": { "line": 64, "column": 9 }
          }
        ]
      },
      "28": {
        "type": "branch",
        "line": 22,
        "loc": {
          "start": { "line": 22, "column": 25 },
          "end": { "line": 63, "column": 11 }
        },
        "locations": [
          {
            "start": { "line": 22, "column": 25 },
            "end": { "line": 63, "column": 11 }
          }
        ]
      },
      "29": {
        "type": "branch",
        "line": 23,
        "loc": {
          "start": { "line": 23, "column": 14 },
          "end": { "line": 23, "column": 50 }
        },
        "locations": [
          {
            "start": { "line": 23, "column": 14 },
            "end": { "line": 23, "column": 50 }
          }
        ]
      },
      "30": {
        "type": "branch",
        "line": 23,
        "loc": {
          "start": { "line": 23, "column": 14 },
          "end": { "line": 23, "column": 70 }
        },
        "locations": [
          {
            "start": { "line": 23, "column": 14 },
            "end": { "line": 23, "column": 70 }
          }
        ]
      },
      "31": {
        "type": "branch",
        "line": 23,
        "loc": {
          "start": { "line": 23, "column": 70 },
          "end": { "line": 36, "column": 17 }
        },
        "locations": [
          {
            "start": { "line": 23, "column": 70 },
            "end": { "line": 36, "column": 17 }
          }
        ]
      },
      "32": {
        "type": "branch",
        "line": 26,
        "loc": {
          "start": { "line": 26, "column": 36 },
          "end": { "line": 29, "column": 19 }
        },
        "locations": [
          {
            "start": { "line": 26, "column": 36 },
            "end": { "line": 29, "column": 19 }
          }
        ]
      },
      "33": {
        "type": "branch",
        "line": 29,
        "loc": {
          "start": { "line": 29, "column": 13 },
          "end": { "line": 35, "column": 13 }
        },
        "locations": [
          {
            "start": { "line": 29, "column": 13 },
            "end": { "line": 35, "column": 13 }
          }
        ]
      },
      "34": {
        "type": "branch",
        "line": 32,
        "loc": {
          "start": { "line": 32, "column": 13 },
          "end": { "line": 35, "column": 13 }
        },
        "locations": [
          {
            "start": { "line": 32, "column": 13 },
            "end": { "line": 35, "column": 13 }
          }
        ]
      },
      "35": {
        "type": "branch",
        "line": 36,
        "loc": {
          "start": { "line": 36, "column": 11 },
          "end": { "line": 56, "column": 11 }
        },
        "locations": [
          {
            "start": { "line": 36, "column": 11 },
            "end": { "line": 56, "column": 11 }
          }
        ]
      },
      "36": {
        "type": "branch",
        "line": 37,
        "loc": {
          "start": { "line": 37, "column": 12 },
          "end": { "line": 38, "column": 32 }
        },
        "locations": [
          {
            "start": { "line": 37, "column": 12 },
            "end": { "line": 38, "column": 32 }
          }
        ]
      },
      "37": {
        "type": "branch",
        "line": 37,
        "loc": {
          "start": { "line": 37, "column": 12 },
          "end": { "line": 39, "column": 30 }
        },
        "locations": [
          {
            "start": { "line": 37, "column": 12 },
            "end": { "line": 39, "column": 30 }
          }
        ]
      },
      "38": {
        "type": "branch",
        "line": 40,
        "loc": {
          "start": { "line": 40, "column": 12 },
          "end": { "line": 53, "column": 17 }
        },
        "locations": [
          {
            "start": { "line": 40, "column": 12 },
            "end": { "line": 53, "column": 17 }
          }
        ]
      },
      "39": {
        "type": "branch",
        "line": 43,
        "loc": {
          "start": { "line": 43, "column": 36 },
          "end": { "line": 46, "column": 19 }
        },
        "locations": [
          {
            "start": { "line": 43, "column": 36 },
            "end": { "line": 46, "column": 19 }
          }
        ]
      },
      "40": {
        "type": "branch",
        "line": 46,
        "loc": {
          "start": { "line": 46, "column": 13 },
          "end": { "line": 52, "column": 13 }
        },
        "locations": [
          {
            "start": { "line": 46, "column": 13 },
            "end": { "line": 52, "column": 13 }
          }
        ]
      },
      "41": {
        "type": "branch",
        "line": 49,
        "loc": {
          "start": { "line": 49, "column": 13 },
          "end": { "line": 52, "column": 13 }
        },
        "locations": [
          {
            "start": { "line": 49, "column": 13 },
            "end": { "line": 52, "column": 13 }
          }
        ]
      },
      "42": {
        "type": "branch",
        "line": 53,
        "loc": {
          "start": { "line": 53, "column": 11 },
          "end": { "line": 56, "column": 11 }
        },
        "locations": [
          {
            "start": { "line": 53, "column": 11 },
            "end": { "line": 56, "column": 11 }
          }
        ]
      },
      "43": {
        "type": "branch",
        "line": 58,
        "loc": {
          "start": { "line": 58, "column": 27 },
          "end": { "line": 60, "column": 17 }
        },
        "locations": [
          {
            "start": { "line": 58, "column": 27 },
            "end": { "line": 60, "column": 17 }
          }
        ]
      },
      "44": {
        "type": "branch",
        "line": 60,
        "loc": {
          "start": { "line": 60, "column": 11 },
          "end": { "line": 62, "column": 11 }
        },
        "locations": [
          {
            "start": { "line": 60, "column": 11 },
            "end": { "line": 62, "column": 11 }
          }
        ]
      }
    },
    "b": {
      "0": [7],
      "1": [4],
      "2": [3],
      "3": [2],
      "4": [1],
      "5": [0],
      "6": [1],
      "7": [0],
      "8": [0],
      "9": [1],
      "10": [0],
      "11": [0],
      "12": [0],
      "13": [0],
      "14": [2],
      "15": [0],
      "16": [1],
      "17": [1],
      "18": [0],
      "19": [0],
      "20": [7],
      "21": [49],
      "22": [3],
      "23": [2],
      "24": [2],
      "25": [0],
      "26": [49],
      "27": [112],
      "28": [420],
      "29": [364],
      "30": [301],
      "31": [168],
      "32": [48],
      "33": [120],
      "34": [0],
      "35": [252],
      "36": [189],
      "37": [126],
      "38": [189],
      "39": [54],
      "40": [135],
      "41": [0],
      "42": [63],
      "43": [182],
      "44": [238]
    },
    "fnMap": {
      "0": {
        "name": "trainingCreator",
        "decl": {
          "start": { "line": 11, "column": 7 },
          "end": { "line": 145, "column": 1 }
        },
        "loc": {
          "start": { "line": 11, "column": 7 },
          "end": { "line": 145, "column": 1 }
        },
        "line": 11
      },
      "1": {
        "name": "addIntensity",
        "decl": {
          "start": { "line": 12, "column": 2 },
          "end": { "line": 93, "column": 3 }
        },
        "loc": {
          "start": { "line": 12, "column": 2 },
          "end": { "line": 93, "column": 3 }
        },
        "line": 12
      },
      "2": {
        "name": "_loop",
        "decl": {
          "start": { "line": 12, "column": 76 },
          "end": { "line": 12, "column": 77 }
        },
        "loc": {
          "start": { "line": 12, "column": 76 },
          "end": { "line": 12, "column": 77 }
        },
        "line": 12
      }
    },
    "f": { "0": 7, "1": 7, "2": 49 }
  }
}
