TN:
SF:src\firebase.ts
FN:36,getFirebaseData
FN:45,_callee
FN:45,setFirebaseData
FN:54,_callee2
FN:54,updateFirebaseData
FN:66,_callee3
FN:66,setFirebaseImage
FN:77,signIn
FN:87,signUp
FNF:9
FNH:0
FNDA:0,getFirebaseData
FNDA:0,_callee
FNDA:0,setFirebaseData
FNDA:0,_callee2
FNDA:0,updateFirebaseData
FNDA:0,_callee3
FNDA:0,setFirebaseImage
FNDA:0,signIn
FNDA:0,signUp
DA:1,1
DA:2,1
DA:3,1
DA:4,1
DA:5,1
DA:6,1
DA:7,1
DA:8,1
DA:9,1
DA:10,1
DA:11,1
DA:12,1
DA:13,1
DA:14,1
DA:15,1
DA:16,1
DA:17,1
DA:18,1
DA:19,1
DA:20,1
DA:21,1
DA:22,1
DA:23,1
DA:24,1
DA:25,1
DA:26,1
DA:27,1
DA:28,1
DA:29,1
DA:30,1
DA:31,0
DA:32,0
DA:33,0
DA:34,0
DA:35,1
DA:36,1
DA:37,1
DA:38,1
DA:39,1
DA:40,1
DA:41,1
DA:42,1
DA:43,1
DA:44,1
DA:45,1
DA:46,1
DA:47,1
DA:48,1
DA:49,1
DA:50,1
DA:51,1
DA:52,1
DA:53,1
DA:54,1
DA:55,1
DA:56,1
DA:57,1
DA:58,1
DA:59,1
DA:60,1
DA:61,1
DA:62,1
DA:63,1
DA:64,1
DA:65,1
DA:66,1
DA:67,1
DA:68,1
DA:69,1
DA:70,1
DA:71,1
DA:72,1
DA:73,1
DA:74,1
DA:75,1
DA:76,1
DA:77,1
DA:78,1
DA:79,1
DA:80,1
DA:81,1
DA:82,1
DA:83,1
DA:84,1
DA:85,1
DA:86,1
DA:87,1
DA:88,1
DA:89,1
DA:90,1
DA:91,1
DA:92,1
DA:93,1
DA:94,1
DA:95,1
DA:96,1
DA:97,1
DA:98,1
DA:99,1
DA:100,1
DA:101,1
LF:101
LH:97
BRDA:30,0,0,0
BRDA:45,1,0,13
BRDA:54,2,0,13
BRDA:66,3,0,13
BRF:4
BRH:3
end_of_record
TN:
SF:src\components\AvatarDynamic\AvatarDynamic.tsx
FN:10,AvatarDynamic
FNF:1
FNH:1
FNDA:2,AvatarDynamic
DA:1,1
DA:2,1
DA:3,1
DA:4,1
DA:5,1
DA:6,1
DA:7,1
DA:8,1
DA:9,1
DA:10,1
DA:11,2
DA:12,2
DA:13,2
DA:14,2
DA:15,2
DA:16,2
DA:17,2
DA:18,2
DA:19,2
DA:20,2
DA:21,2
DA:22,2
DA:23,2
DA:24,2
DA:25,2
LF:25
LH:25
BRDA:10,0,0,2
BRDA:22,1,0,1
BRDA:22,2,0,1
BRDA:13,3,0,2
BRF:4
BRH:4
end_of_record
TN:
SF:src\components\FormCreateWorkout\FormCreateWorkout.tsx
FN:37,FormCreateWorkout
FN:53,onSubmit
FNF:2
FNH:2
FNDA:9,FormCreateWorkout
FNDA:2,onSubmit
DA:1,1
DA:2,1
DA:3,1
DA:4,1
DA:5,1
DA:6,1
DA:7,1
DA:8,1
DA:9,1
DA:10,1
DA:11,1
DA:12,1
DA:13,1
DA:14,1
DA:15,1
DA:16,1
DA:17,1
DA:18,1
DA:19,1
DA:20,1
DA:21,1
DA:22,1
DA:23,1
DA:24,1
DA:25,1
DA:26,1
DA:27,1
DA:28,1
DA:29,1
DA:30,1
DA:31,1
DA:32,1
DA:33,1
DA:34,1
DA:35,1
DA:36,1
DA:37,1
DA:38,9
DA:39,9
DA:40,9
DA:41,9
DA:42,9
DA:43,9
DA:44,9
DA:45,9
DA:46,9
DA:47,9
DA:48,9
DA:49,9
DA:50,9
DA:51,9
DA:52,9
DA:53,9
DA:54,2
DA:55,1
DA:56,1
DA:57,1
DA:58,1
DA:59,1
DA:60,2
DA:61,0
DA:62,0
DA:63,2
DA:64,9
DA:65,9
DA:66,9
DA:67,9
DA:68,9
DA:69,9
DA:70,9
DA:71,9
DA:72,9
DA:73,9
DA:74,9
DA:75,9
DA:76,9
DA:77,9
DA:78,9
DA:79,9
DA:80,9
DA:81,9
DA:82,9
DA:83,9
DA:84,9
DA:85,9
DA:86,9
DA:87,9
DA:88,9
DA:89,9
DA:90,9
DA:91,9
DA:92,9
DA:93,9
DA:94,9
DA:95,9
DA:96,9
DA:97,9
DA:98,9
DA:99,9
DA:100,9
DA:101,9
DA:102,9
DA:103,9
DA:104,9
DA:105,9
DA:106,9
DA:107,9
DA:108,9
DA:109,9
DA:110,9
DA:111,9
DA:112,9
DA:113,9
DA:114,9
DA:115,9
DA:116,9
DA:117,9
DA:118,9
DA:119,9
DA:120,9
DA:121,9
DA:122,9
DA:123,9
DA:124,9
DA:125,9
DA:126,9
DA:127,9
DA:128,9
DA:129,9
DA:130,9
DA:131,9
DA:132,9
DA:133,9
DA:134,5
DA:135,5
DA:136,9
DA:137,9
DA:138,9
DA:139,9
DA:140,9
DA:141,9
DA:142,9
DA:143,9
DA:144,9
DA:145,9
DA:146,9
DA:147,9
DA:148,9
DA:149,9
DA:150,9
DA:151,9
LF:151
LH:149
BRDA:37,0,0,9
BRDA:41,1,0,2
BRDA:133,2,0,4
BRDA:133,3,0,5
BRDA:146,4,0,3
BRDA:147,5,0,0
BRDA:51,6,0,9
BRDA:53,7,0,2
BRDA:54,8,0,1
BRDA:60,9,0,0
BRF:10
BRH:8
end_of_record
TN:
SF:src\components\FormCreateWorkout\InputFileImgPreview.tsx
FN:15,InputFileImgPreview
FN:20,setStateOpen
FN:24,doFileRead
FN:24,_doFileRead
FN:25,_callee
FN:25,_callee$
FN:33,doFileRead
FN:33,_doFileRead2
FN:34,_callee2
FN:34,_callee2$
FNF:10
FNH:10
FNDA:21,InputFileImgPreview
FNDA:1,setStateOpen
FNDA:3,doFileRead
FNDA:3,_doFileRead
FNDA:3,_callee
FNDA:6,_callee$
FNDA:1,doFileRead
FNDA:1,_doFileRead2
FNDA:1,_callee2
FNDA:1,_callee2$
DA:1,1
DA:2,1
DA:3,1
DA:4,1
DA:5,1
DA:6,1
DA:7,1
DA:8,1
DA:9,1
DA:10,1
DA:11,1
DA:12,1
DA:13,1
DA:14,1
DA:15,1
DA:16,21
DA:17,21
DA:18,21
DA:19,21
DA:20,21
DA:21,1
DA:22,1
DA:23,21
DA:24,21
DA:25,3
DA:26,3
DA:27,3
DA:28,3
DA:29,3
DA:30,3
DA:31,21
DA:32,21
DA:33,21
DA:34,1
DA:35,1
DA:36,1
DA:37,1
DA:38,1
DA:39,1
DA:40,1
DA:41,1
DA:42,1
DA:43,21
DA:44,21
DA:45,21
DA:46,21
DA:47,21
DA:48,21
DA:49,21
DA:50,21
DA:51,21
DA:52,21
DA:53,21
DA:54,21
DA:55,21
DA:56,21
DA:57,21
DA:58,21
DA:59,21
DA:60,21
DA:61,21
DA:62,21
DA:63,21
DA:64,21
DA:65,21
DA:66,21
DA:67,21
LF:67
LH:67
BRDA:15,0,0,21
BRDA:20,1,0,1
BRDA:24,2,0,3
BRDA:24,3,0,3
BRDA:24,4,0,3
BRDA:25,5,0,3
BRDA:25,6,0,6
BRDA:25,7,0,3
BRDA:25,8,0,3
BRDA:25,9,0,3
BRDA:25,10,0,3
BRDA:33,11,0,1
BRDA:33,12,0,1
BRDA:33,13,0,1
BRDA:34,14,0,1
BRDA:34,15,0,1
BRDA:34,16,0,2
BRDA:34,17,0,1
BRDA:34,18,0,0
BRDA:34,19,0,0
BRDA:34,20,0,1
BRDA:34,21,0,1
BRDA:34,22,0,1
BRF:23
BRH:21
end_of_record
TN:
SF:src\components\FormCreateWorkout\InputGroupWorkout.tsx
FN:17,InputGroupWorkout
FN:25,deleteLastTextField
FN:33,addTextField
FN:86,onClick
FN:96,onClick
FN:107,onClick
FNF:6
FNH:4
FNDA:14,InputGroupWorkout
FNDA:0,deleteLastTextField
FNDA:3,addTextField
FNDA:3,onClick
FNDA:0,onClick
FNDA:3,onClick
DA:1,1
DA:2,1
DA:3,1
DA:4,1
DA:5,1
DA:6,1
DA:7,1
DA:8,1
DA:9,1
DA:10,1
DA:11,1
DA:12,1
DA:13,1
DA:14,1
DA:15,1
DA:16,1
DA:17,1
DA:18,14
DA:19,14
DA:20,14
DA:21,14
DA:22,14
DA:23,14
DA:24,14
DA:25,14
DA:26,0
DA:27,0
DA:28,0
DA:29,0
DA:30,0
DA:31,0
DA:32,14
DA:33,14
DA:34,3
DA:35,3
DA:36,3
DA:37,3
DA:38,3
DA:39,14
DA:40,14
DA:41,14
DA:42,14
DA:43,14
DA:44,14
DA:45,14
DA:46,14
DA:47,14
DA:48,14
DA:49,14
DA:50,14
DA:51,14
DA:52,14
DA:53,14
DA:54,14
DA:55,14
DA:56,14
DA:57,14
DA:58,14
DA:59,14
DA:60,14
DA:61,14
DA:62,14
DA:63,14
DA:64,14
DA:65,14
DA:66,14
DA:67,14
DA:68,14
DA:69,14
DA:70,14
DA:71,14
DA:72,14
DA:73,14
DA:74,14
DA:75,14
DA:76,14
DA:77,14
DA:78,14
DA:79,14
DA:80,14
DA:81,14
DA:82,14
DA:83,14
DA:84,14
DA:85,14
DA:86,14
DA:87,14
DA:88,14
DA:89,14
DA:90,14
DA:91,14
DA:92,14
DA:93,14
DA:94,14
DA:95,14
DA:96,14
DA:97,14
DA:98,14
DA:99,14
DA:100,14
DA:101,14
DA:102,14
DA:103,14
DA:104,14
DA:105,14
DA:106,14
DA:107,14
DA:108,3
DA:109,3
DA:110,3
DA:111,3
DA:112,3
DA:113,14
DA:114,14
DA:115,14
DA:116,14
DA:117,14
DA:118,14
DA:119,14
DA:120,14
DA:121,14
DA:122,14
DA:123,14
DA:124,14
DA:125,14
DA:126,14
DA:127,14
LF:127
LH:121
BRDA:17,0,0,14
BRDA:33,1,0,3
BRDA:51,2,0,18
BRDA:72,3,0,23
BRDA:86,4,0,3
BRDA:107,5,0,3
BRF:6
BRH:6
end_of_record
TN:
SF:src\components\FormCreateWorkout\SliderForm.tsx
FN:5,FormInputSlider
FN:13,handleChange
FN:25,render
FNF:3
FNH:3
FNDA:12,FormInputSlider
FNDA:1,handleChange
FNDA:26,render
DA:1,1
DA:2,1
DA:3,1
DA:4,1
DA:5,1
DA:6,12
DA:7,12
DA:8,12
DA:9,12
DA:10,10
DA:11,12
DA:12,12
DA:13,12
DA:14,1
DA:15,1
DA:16,12
DA:17,12
DA:18,12
DA:19,12
DA:20,12
DA:21,12
DA:22,12
DA:23,12
DA:24,12
DA:25,12
DA:26,12
DA:27,12
DA:28,12
DA:29,12
DA:30,12
DA:31,12
DA:32,12
DA:33,12
DA:34,12
DA:35,12
DA:36,12
DA:37,12
DA:38,12
DA:39,12
DA:40,12
LF:40
LH:40
BRDA:5,0,0,12
BRDA:9,1,0,10
BRDA:13,2,0,1
BRDA:25,3,0,26
BRF:4
BRH:4
end_of_record
TN:
SF:src\components\ImageCropper\DialogCropper.tsx
FN:16,Transition
FN:40,DialogCropper
FN:54,_callee
FN:54,onCropComplete
FN:64,handleClick
FN:72,onClose
FN:81,onClick
FNF:7
FNH:4
FNDA:6,Transition
FNDA:12,DialogCropper
FNDA:0,_callee
FNDA:0,onCropComplete
FNDA:1,handleClick
FNDA:0,onClose
FNDA:1,onClick
DA:1,1
DA:2,1
DA:3,1
DA:4,1
DA:5,1
DA:6,1
DA:7,1
DA:8,1
DA:9,1
DA:10,1
DA:11,1
DA:12,1
DA:13,1
DA:14,1
DA:15,1
DA:16,1
DA:17,6
DA:18,6
DA:19,6
DA:20,6
DA:21,6
DA:22,6
DA:23,6
DA:24,1
DA:25,1
DA:26,1
DA:27,1
DA:28,1
DA:29,1
DA:30,1
DA:31,1
DA:32,1
DA:33,1
DA:34,1
DA:35,1
DA:36,1
DA:37,1
DA:38,1
DA:39,1
DA:40,1
DA:41,12
DA:42,12
DA:43,12
DA:44,12
DA:45,12
DA:46,12
DA:47,12
DA:48,12
DA:49,12
DA:50,12
DA:51,12
DA:52,12
DA:53,12
DA:54,12
DA:55,12
DA:56,12
DA:57,12
DA:58,12
DA:59,12
DA:60,12
DA:61,12
DA:62,12
DA:63,12
DA:64,12
DA:65,1
DA:66,1
DA:67,12
DA:68,12
DA:69,12
DA:70,12
DA:71,12
DA:72,12
DA:73,12
DA:74,12
DA:75,12
DA:76,12
DA:77,12
DA:78,12
DA:79,12
DA:80,12
DA:81,12
DA:82,12
DA:83,12
DA:84,12
DA:85,12
DA:86,12
DA:87,12
DA:88,12
DA:89,12
DA:90,12
DA:91,12
DA:92,12
DA:93,12
DA:94,12
DA:95,12
DA:96,12
DA:97,12
DA:98,12
DA:99,12
DA:100,12
DA:101,12
DA:102,12
DA:103,12
DA:104,12
DA:105,12
DA:106,12
DA:107,12
DA:108,12
DA:109,12
DA:110,12
DA:111,12
DA:112,12
LF:112
LH:112
BRDA:16,0,0,6
BRDA:40,1,0,12
BRDA:54,2,0,12
BRDA:64,3,0,1
BRDA:81,4,0,1
BRF:5
BRH:5
end_of_record
TN:
SF:src\components\ImageCropper\cropImage.ts
FN:2,createImage
FNF:1
FNH:0
FNDA:0,createImage
DA:1,1
DA:2,1
DA:3,1
DA:4,1
DA:5,1
DA:6,1
DA:7,1
DA:8,1
DA:9,1
DA:10,1
DA:11,1
DA:12,1
DA:13,1
DA:14,1
DA:15,1
DA:16,1
DA:17,1
DA:18,1
DA:19,1
DA:20,1
DA:21,1
DA:22,1
DA:23,1
DA:24,1
DA:25,1
DA:26,1
DA:27,1
DA:28,1
DA:29,1
DA:30,1
DA:31,1
DA:32,1
DA:33,1
DA:34,1
DA:35,1
DA:36,1
DA:37,1
DA:38,1
DA:39,1
DA:40,1
DA:41,1
DA:42,1
DA:43,1
DA:44,1
DA:45,1
DA:46,1
DA:47,1
DA:48,1
DA:49,1
DA:50,1
DA:51,1
DA:52,1
DA:53,1
DA:54,1
DA:55,1
DA:56,1
DA:57,1
DA:58,1
DA:59,1
DA:60,1
LF:60
LH:60
BRF:0
BRH:0
end_of_record
TN:
SF:src\components\ImageCropper\readFileAsDataURL.ts
FN:1,_callee
FN:1,_callee$
FNF:2
FNH:2
FNDA:1,_callee
FNDA:2,_callee$
DA:1,1
DA:2,1
DA:3,1
DA:4,1
DA:5,1
DA:6,1
DA:7,1
DA:8,1
DA:9,1
DA:10,1
DA:11,1
DA:12,1
DA:13,1
LF:13
LH:13
BRDA:1,0,0,1
BRDA:1,1,0,2
BRDA:1,2,0,1
BRDA:1,3,0,0
BRDA:1,4,0,1
BRDA:4,5,0,1
BRDA:6,6,0,1
BRF:7
BRH:6
end_of_record
TN:
SF:src\components\Post\WorkoutList.tsx
FN:12,WorkoutList
FNF:1
FNH:1
FNDA:1,WorkoutList
DA:1,1
DA:2,1
DA:3,1
DA:4,1
DA:5,1
DA:6,1
DA:7,1
DA:8,1
DA:9,1
DA:10,1
DA:11,1
DA:12,1
DA:13,1
DA:14,1
DA:15,1
DA:16,1
DA:17,1
DA:18,1
DA:19,1
DA:20,1
DA:21,1
DA:22,1
DA:23,1
DA:24,1
DA:25,1
DA:26,1
DA:27,1
DA:28,1
DA:29,1
DA:30,1
DA:31,1
DA:32,1
DA:33,1
LF:33
LH:33
BRDA:12,0,0,1
BRDA:13,1,0,0
BRDA:16,2,0,0
BRDA:17,3,0,3
BRF:4
BRH:2
end_of_record
TN:
SF:src\components\RatingDynamic\RatingDynamic.tsx
FN:15,RatingDynamic
FNF:1
FNH:1
FNDA:14,RatingDynamic
DA:1,1
DA:2,1
DA:3,1
DA:4,1
DA:5,1
DA:6,1
DA:7,1
DA:8,1
DA:9,1
DA:10,1
DA:11,1
DA:12,1
DA:13,1
DA:14,1
DA:15,1
DA:16,14
DA:17,14
DA:18,14
DA:19,14
DA:20,14
DA:21,14
DA:22,14
DA:23,7
DA:24,0
DA:25,0
DA:26,14
DA:27,14
DA:28,14
DA:29,14
DA:30,14
DA:31,14
DA:32,14
DA:33,14
DA:34,14
DA:35,14
DA:36,14
DA:37,14
LF:37
LH:35
BRDA:15,0,0,14
BRDA:29,1,0,0
BRDA:20,2,0,11
BRDA:22,3,0,7
BRDA:23,4,0,0
BRDA:23,5,0,0
BRF:6
BRH:3
end_of_record
TN:
SF:src\components\SelectGroup\SelectGroup.tsx
FN:15,SelectGroup
FN:35,onChange
FNF:2
FNH:2
FNDA:9,SelectGroup
FNDA:5,onChange
DA:1,1
DA:2,1
DA:3,1
DA:4,1
DA:5,1
DA:6,1
DA:7,1
DA:8,1
DA:9,1
DA:10,1
DA:11,1
DA:12,1
DA:13,1
DA:14,1
DA:15,1
DA:16,9
DA:17,9
DA:18,9
DA:19,9
DA:20,9
DA:21,9
DA:22,9
DA:23,5
DA:24,5
DA:25,9
DA:26,9
DA:27,9
DA:28,9
DA:29,9
DA:30,9
DA:31,9
DA:32,9
DA:33,9
DA:34,9
DA:35,9
DA:36,9
DA:37,9
DA:38,9
DA:39,9
DA:40,9
DA:41,9
DA:42,9
DA:43,9
DA:44,9
DA:45,9
DA:46,9
DA:47,9
DA:48,9
DA:49,9
DA:50,9
DA:51,9
DA:52,9
LF:52
LH:52
BRDA:15,0,0,9
BRDA:22,1,0,5
BRDA:29,2,0,27
BRDA:35,3,0,5
BRDA:42,4,0,72
BRF:5
BRH:5
end_of_record
TN:
SF:src\components\Skeleton\SkeletonPostList.tsx
FN:1,Object.<anonymous>
FN:15,SkeletonPostList
FNF:2
FNH:1
FNDA:1,Object.<anonymous>
FNDA:0,SkeletonPostList
DA:1,1
DA:2,1
DA:3,1
DA:4,1
DA:5,1
DA:6,1
DA:7,1
DA:8,1
DA:9,1
DA:10,1
DA:11,1
DA:12,1
DA:13,1
DA:14,1
DA:15,1
DA:16,0
DA:17,0
DA:18,0
LF:18
LH:15
BRDA:1,0,0,1
BRDA:1,1,0,1
BRF:2
BRH:2
end_of_record
TN:
SF:src\components\WorkoutListItem.tsx\WorkoutListItem.tsx
FN:5,WorkoutListItem
FNF:1
FNH:1
FNDA:4,WorkoutListItem
DA:1,1
DA:2,1
DA:3,1
DA:4,1
DA:5,1
DA:6,4
DA:7,4
DA:8,4
DA:9,4
DA:10,4
DA:11,4
DA:12,4
DA:13,4
DA:14,4
DA:15,4
DA:16,4
DA:17,4
LF:17
LH:17
BRDA:5,0,0,4
BRDA:10,1,0,19
BRF:2
BRH:2
end_of_record
TN:
SF:src\components\YoutubeEmbed\YoutubeEmbed.tsx
FN:5,YoutubeEmbed
FNF:1
FNH:1
FNDA:9,YoutubeEmbed
DA:1,1
DA:2,1
DA:3,1
DA:4,1
DA:5,1
DA:6,9
DA:7,9
DA:8,9
DA:9,9
DA:10,9
DA:11,9
DA:12,9
DA:13,9
DA:14,9
DA:15,2
DA:16,2
DA:17,9
DA:18,9
DA:19,9
DA:20,9
DA:21,9
DA:22,9
DA:23,9
DA:24,9
DA:25,9
DA:26,9
DA:27,9
DA:28,9
DA:29,9
DA:30,9
LF:30
LH:30
BRDA:5,0,0,9
BRDA:10,1,0,2
BRDA:10,2,0,7
BRDA:10,3,0,2
BRDA:11,4,0,2
BRDA:11,5,0,7
BRDA:14,6,0,2
BRDA:14,7,0,2
BRF:8
BRH:8
end_of_record
TN:
SF:src\components\cards\Card.tsx
FN:14,Card
FN:31,onLoad
FNF:2
FNH:1
FNDA:1,Card
FNDA:0,onLoad
DA:1,1
DA:2,1
DA:3,1
DA:4,1
DA:5,1
DA:6,1
DA:7,1
DA:8,1
DA:9,1
DA:10,1
DA:11,1
DA:12,1
DA:13,1
DA:14,1
DA:15,1
DA:16,1
DA:17,1
DA:18,1
DA:19,1
DA:20,1
DA:21,1
DA:22,1
DA:23,1
DA:24,1
DA:25,1
DA:26,1
DA:27,1
DA:28,1
DA:29,1
DA:30,1
DA:31,1
DA:32,1
DA:33,1
DA:34,1
DA:35,1
DA:36,1
DA:37,1
DA:38,1
DA:39,1
DA:40,1
DA:41,1
DA:42,1
DA:43,1
DA:44,1
DA:45,1
DA:46,1
DA:47,1
DA:48,1
DA:49,1
DA:50,1
DA:51,1
DA:52,1
DA:53,1
DA:54,1
DA:55,1
DA:56,1
DA:57,1
DA:58,1
DA:59,1
LF:59
LH:59
BRDA:14,0,0,1
BRDA:29,1,0,0
BRDA:30,2,0,0
BRF:3
BRH:1
end_of_record
TN:
SF:src\components\cards\CardsFilter.tsx
FN:7,CardsFilter
FN:25,handleChangeWorkoutType
FN:30,handleChangeAuthors
FNF:3
FNH:3
FNDA:24,CardsFilter
FNDA:2,handleChangeWorkoutType
FNDA:2,handleChangeAuthors
DA:1,1
DA:2,1
DA:3,1
DA:4,1
DA:5,1
DA:6,1
DA:7,1
DA:8,24
DA:9,24
DA:10,24
DA:11,24
DA:12,24
DA:13,24
DA:14,24
DA:15,24
DA:16,10
DA:17,10
DA:18,20
DA:19,32
DA:20,32
DA:21,20
DA:22,10
DA:23,24
DA:24,24
DA:25,24
DA:26,2
DA:27,2
DA:28,2
DA:29,2
DA:30,24
DA:31,2
DA:32,2
DA:33,24
DA:34,24
DA:35,24
DA:36,24
DA:37,24
DA:38,24
DA:39,24
DA:40,24
DA:41,24
DA:42,24
DA:43,24
DA:44,24
DA:45,24
DA:46,24
DA:47,24
DA:48,24
DA:49,24
DA:50,24
DA:51,24
DA:52,24
DA:53,24
DA:54,24
DA:55,24
DA:56,24
DA:57,24
DA:58,24
DA:59,24
DA:60,24
DA:61,24
DA:62,24
DA:63,24
DA:64,24
DA:65,24
LF:65
LH:65
BRDA:7,0,0,24
BRDA:12,1,0,20
BRDA:15,2,0,10
BRDA:17,3,0,20
BRDA:18,4,0,32
BRDA:25,5,0,2
BRDA:30,6,0,2
BRDA:57,7,0,24
BRF:8
BRH:8
end_of_record
TN:
SF:src\components\cards\card.style.tsx
FN:1,Object.<anonymous>
FNF:1
FNH:1
FNDA:1,Object.<anonymous>
DA:1,1
DA:2,1
DA:3,1
DA:4,1
DA:5,1
DA:6,1
DA:7,1
LF:7
LH:7
BRDA:1,0,0,1
BRDA:1,1,0,1
BRF:2
BRH:2
end_of_record
TN:
SF:src\components\formAuth\FormAuth.tsx
FN:18,FormAuth
FN:21,setHelperText
FNF:2
FNH:2
FNDA:15,FormAuth
FNDA:9,setHelperText
DA:1,1
DA:2,1
DA:3,1
DA:4,1
DA:5,1
DA:6,1
DA:7,1
DA:8,1
DA:9,1
DA:10,1
DA:11,1
DA:12,1
DA:13,1
DA:14,1
DA:15,1
DA:16,1
DA:17,1
DA:18,1
DA:19,15
DA:20,15
DA:21,15
DA:22,9
DA:23,9
DA:24,9
DA:25,9
DA:26,9
DA:27,9
DA:28,9
DA:29,9
DA:30,9
DA:31,9
DA:32,9
DA:33,15
DA:34,15
DA:35,15
DA:36,15
DA:37,15
DA:38,15
DA:39,15
DA:40,15
DA:41,15
DA:42,15
DA:43,15
DA:44,15
DA:45,15
DA:46,15
DA:47,15
DA:48,15
DA:49,15
DA:50,15
DA:51,15
DA:52,15
DA:53,15
DA:54,15
DA:55,15
DA:56,15
DA:57,15
DA:58,15
DA:59,15
DA:60,15
DA:61,15
DA:62,15
DA:63,15
DA:64,15
DA:65,15
DA:66,15
DA:67,15
DA:68,15
DA:69,15
DA:70,15
DA:71,15
DA:72,15
DA:73,15
DA:74,15
DA:75,15
DA:76,15
DA:77,15
DA:78,15
DA:79,15
DA:80,15
DA:81,15
DA:82,15
DA:83,15
DA:84,15
DA:85,15
DA:86,15
DA:87,15
DA:88,15
DA:89,15
DA:90,15
DA:91,15
DA:92,15
DA:93,15
DA:94,15
DA:95,15
DA:96,15
DA:97,15
DA:98,15
DA:99,15
DA:100,15
DA:101,15
DA:102,15
DA:103,15
DA:104,15
DA:105,15
DA:106,15
DA:107,15
DA:108,15
DA:109,15
DA:110,15
DA:111,15
DA:112,15
DA:113,15
DA:114,15
DA:115,15
DA:116,15
DA:117,15
DA:118,15
DA:119,15
DA:120,15
DA:121,15
DA:122,15
DA:123,15
DA:124,15
DA:125,15
DA:126,15
DA:127,15
DA:128,15
LF:128
LH:128
BRDA:18,0,0,15
BRDA:46,1,0,9
BRDA:46,2,0,6
BRDA:53,3,0,1
BRDA:82,4,0,1
BRDA:83,5,0,0
BRDA:83,6,0,14
BRDA:83,7,0,1
BRDA:83,8,0,14
BRDA:99,9,0,1
BRDA:100,10,0,0
BRDA:100,11,0,14
BRDA:100,12,0,1
BRDA:100,13,0,14
BRDA:111,14,0,0
BRDA:19,15,0,6
BRDA:21,16,0,9
BRDA:23,17,0,0
BRDA:27,18,0,0
BRDA:29,19,0,0
BRF:20
BRH:14
end_of_record
TN:
SF:src\components\formAuth\Login.tsx
FN:12,Login
FN:14,handleLogin
FNF:2
FNH:1
FNDA:5,Login
FNDA:0,handleLogin
DA:1,1
DA:2,1
DA:3,1
DA:4,1
DA:5,1
DA:6,1
DA:7,1
DA:8,1
DA:9,1
DA:10,1
DA:11,1
DA:12,1
DA:13,5
DA:14,5
DA:15,0
DA:16,0
DA:17,5
DA:18,5
LF:18
LH:16
BRDA:12,0,0,5
BRF:1
BRH:1
end_of_record
TN:
SF:src\components\formAuth\SignUp.tsx
FN:7,SignUp
FN:9,handleRegister
FNF:2
FNH:1
FNDA:1,SignUp
FNDA:0,handleRegister
DA:1,1
DA:2,1
DA:3,1
DA:4,1
DA:5,1
DA:6,1
DA:7,1
DA:8,1
DA:9,1
DA:10,0
DA:11,0
DA:12,1
DA:13,1
LF:13
LH:11
BRDA:7,0,0,1
BRF:1
BRH:1
end_of_record
TN:
SF:src\components\profile\PopupRateWorkout.tsx
FN:12,PopupRateWorkout
FN:15,changeRating
FNF:2
FNH:2
FNDA:2,PopupRateWorkout
FNDA:1,changeRating
DA:1,1
DA:2,1
DA:3,1
DA:4,1
DA:5,1
DA:6,1
DA:7,1
DA:8,1
DA:9,1
DA:10,1
DA:11,1
DA:12,1
DA:13,2
DA:14,2
DA:15,2
DA:16,1
DA:17,1
DA:18,1
DA:19,1
DA:20,1
DA:21,1
DA:22,1
DA:23,1
DA:24,2
DA:25,2
DA:26,2
DA:27,2
DA:28,2
DA:29,2
DA:30,2
DA:31,2
DA:32,2
DA:33,2
DA:34,2
DA:35,2
DA:36,2
DA:37,2
DA:38,2
DA:39,2
DA:40,2
DA:41,2
LF:41
LH:41
BRDA:12,0,0,2
BRDA:15,1,0,1
BRF:2
BRH:2
end_of_record
TN:
SF:src\components\profile\ProfileTopInfo.tsx
FN:16,ProfileTopInfo
FN:26,handleClick
FN:29,handleClose
FN:32,handleMenuLogout
FN:37,setStateOpen
FN:53,doFileRead
FN:53,_doFileRead2
FN:54,_callee2
FN:54,_callee2$
FN:67,onClick
FNF:10
FNH:7
FNDA:16,ProfileTopInfo
FNDA:4,handleClick
FNDA:0,handleClose
FNDA:0,handleMenuLogout
FNDA:1,setStateOpen
FNDA:3,doFileRead
FNDA:3,_doFileRead2
FNDA:3,_callee2
FNDA:6,_callee2$
FNDA:0,onClick
DA:1,1
DA:2,1
DA:3,1
DA:4,1
DA:5,1
DA:6,1
DA:7,1
DA:8,1
DA:9,1
DA:10,1
DA:11,1
DA:12,1
DA:13,1
DA:14,1
DA:15,1
DA:16,1
DA:17,16
DA:18,16
DA:19,16
DA:20,16
DA:21,16
DA:22,16
DA:23,16
DA:24,16
DA:25,16
DA:26,16
DA:27,4
DA:28,4
DA:29,16
DA:30,0
DA:31,0
DA:32,16
DA:33,0
DA:34,0
DA:35,0
DA:36,0
DA:37,16
DA:38,1
DA:39,1
DA:40,16
DA:41,0
DA:42,0
DA:43,0
DA:44,0
DA:45,0
DA:46,0
DA:47,0
DA:48,0
DA:49,0
DA:50,0
DA:51,16
DA:52,16
DA:53,16
DA:54,3
DA:55,3
DA:56,3
DA:57,3
DA:58,3
DA:59,3
DA:60,16
DA:61,16
DA:62,16
DA:63,16
DA:64,16
DA:65,16
DA:66,16
DA:67,16
DA:68,16
DA:69,16
DA:70,16
DA:71,16
DA:72,16
DA:73,16
DA:74,16
DA:75,16
DA:76,16
DA:77,16
DA:78,16
DA:79,16
DA:80,16
DA:81,7
DA:82,7
DA:83,7
DA:84,7
DA:85,7
DA:86,16
DA:87,16
DA:88,16
DA:89,16
DA:90,16
DA:91,16
DA:92,16
DA:93,16
DA:94,16
DA:95,16
DA:96,16
DA:97,16
DA:98,16
DA:99,16
DA:100,16
DA:101,16
DA:102,16
DA:103,16
DA:104,16
DA:105,16
DA:106,16
DA:107,16
DA:108,16
DA:109,16
DA:110,16
DA:111,16
DA:112,16
DA:113,16
DA:114,16
DA:115,16
DA:116,16
DA:117,16
DA:118,16
DA:119,16
DA:120,16
DA:121,16
DA:122,16
DA:123,16
DA:124,16
LF:124
LH:108
BRDA:16,0,0,16
BRDA:79,1,0,9
BRDA:80,2,0,7
BRDA:26,3,0,4
BRDA:37,4,0,1
BRDA:53,5,0,3
BRDA:53,6,0,3
BRDA:53,7,0,3
BRDA:54,8,0,3
BRDA:54,9,0,6
BRDA:54,10,0,3
BRDA:54,11,0,3
BRDA:54,12,0,3
BRDA:54,13,0,3
BRF:14
BRH:14
end_of_record
TN:
SF:src\hooks\redux-hooks.ts
FN:1,Object.<anonymous>
FN:5,useAppDispatch
FNF:2
FNH:2
FNDA:7,Object.<anonymous>
FNDA:46,useAppDispatch
DA:1,7
DA:2,7
DA:3,7
DA:4,7
DA:5,7
LF:5
LH:5
BRDA:1,0,0,7
BRDA:1,1,0,7
BRDA:5,2,0,46
BRF:3
BRH:3
end_of_record
TN:
SF:src\pages\AdminWorkout.tsx
FN:18,AdminWorkout
FN:20,handleChange
FN:27,_callee
FN:27,handleSubmit
FN:61,onClick
FNF:5
FNH:2
FNDA:3,AdminWorkout
FNDA:1,handleChange
FNDA:0,_callee
FNDA:0,handleSubmit
FNDA:0,onClick
DA:1,1
DA:2,1
DA:3,1
DA:4,1
DA:5,1
DA:6,1
DA:7,1
DA:8,1
DA:9,1
DA:10,1
DA:11,1
DA:12,1
DA:13,1
DA:14,1
DA:15,1
DA:16,1
DA:17,1
DA:18,1
DA:19,3
DA:20,3
DA:21,1
DA:22,1
DA:23,1
DA:24,1
DA:25,1
DA:26,3
DA:27,3
DA:28,3
DA:29,3
DA:30,3
DA:31,3
DA:32,3
DA:33,3
DA:34,3
DA:35,3
DA:36,3
DA:37,3
DA:38,3
DA:39,3
DA:40,3
DA:41,3
DA:42,3
DA:43,3
DA:44,3
DA:45,3
DA:46,3
DA:47,3
DA:48,3
DA:49,3
DA:50,3
DA:51,3
DA:52,3
DA:53,3
DA:54,3
DA:55,3
DA:56,3
DA:57,3
DA:58,3
DA:59,3
DA:60,3
DA:61,3
DA:62,0
DA:63,0
DA:64,3
DA:65,3
DA:66,3
DA:67,3
DA:68,3
DA:69,3
LF:69
LH:67
BRDA:18,0,0,3
BRDA:32,1,0,1
BRDA:20,2,0,1
BRDA:27,3,0,3
BRF:4
BRH:4
end_of_record
TN:
SF:src\pages\GeneratorWorkout.tsx
FN:28,GeneratorWorkout
FN:58,handleClickGeneratingButton
FN:72,handleClickAddButton
FN:78,changeRating
FN:123,onClick
FNF:5
FNH:2
FNDA:10,GeneratorWorkout
FNDA:2,handleClickGeneratingButton
FNDA:0,handleClickAddButton
FNDA:0,changeRating
FNDA:0,onClick
DA:1,1
DA:2,1
DA:3,1
DA:4,1
DA:5,1
DA:6,1
DA:7,1
DA:8,1
DA:9,1
DA:10,1
DA:11,1
DA:12,1
DA:13,1
DA:14,1
DA:15,1
DA:16,1
DA:17,1
DA:18,1
DA:19,1
DA:20,1
DA:21,1
DA:22,1
DA:23,1
DA:24,1
DA:25,1
DA:26,1
DA:27,1
DA:28,1
DA:29,10
DA:30,10
DA:31,10
DA:32,10
DA:33,10
DA:34,10
DA:35,10
DA:36,10
DA:37,10
DA:38,10
DA:39,10
DA:40,10
DA:41,10
DA:42,10
DA:43,10
DA:44,10
DA:45,10
DA:46,10
DA:47,10
DA:48,10
DA:49,10
DA:50,10
DA:51,10
DA:52,10
DA:53,10
DA:54,10
DA:55,10
DA:56,10
DA:57,10
DA:58,10
DA:59,2
DA:60,2
DA:61,2
DA:62,2
DA:63,2
DA:64,1
DA:65,1
DA:66,1
DA:67,1
DA:68,1
DA:69,1
DA:70,2
DA:71,10
DA:72,10
DA:73,0
DA:74,0
DA:75,0
DA:76,0
DA:77,10
DA:78,10
DA:79,0
DA:80,0
DA:81,0
DA:82,0
DA:83,0
DA:84,0
DA:85,0
DA:86,10
DA:87,10
DA:88,10
DA:89,10
DA:90,10
DA:91,10
DA:92,10
DA:93,10
DA:94,10
DA:95,10
DA:96,10
DA:97,10
DA:98,10
DA:99,9
DA:100,9
DA:101,9
DA:102,9
DA:103,9
DA:104,9
DA:105,9
DA:106,10
DA:107,1
DA:108,1
DA:109,1
DA:110,1
DA:111,1
DA:112,1
DA:113,1
DA:114,1
DA:115,1
DA:116,1
DA:117,1
DA:118,1
DA:119,1
DA:120,1
DA:121,1
DA:122,1
DA:123,1
DA:124,1
DA:125,1
DA:126,1
DA:127,1
DA:128,1
DA:129,10
DA:130,10
DA:131,10
DA:132,10
DA:133,10
DA:134,10
DA:135,10
DA:136,10
DA:137,10
DA:138,10
DA:139,10
DA:140,10
DA:141,10
DA:142,10
DA:143,10
DA:144,10
DA:145,10
DA:146,10
DA:147,10
DA:148,10
DA:149,10
DA:150,10
DA:151,10
LF:151
LH:140
BRDA:28,0,0,10
BRDA:98,1,0,9
BRDA:106,2,0,1
BRDA:140,3,0,1
BRDA:58,4,0,2
BRDA:63,5,0,1
BRF:6
BRH:6
end_of_record
TN:
SF:src\pages\LoginFormPage.tsx
FN:8,LoginFormPage
FN:10,handleClick
FNF:2
FNH:2
FNDA:5,LoginFormPage
FNDA:1,handleClick
DA:1,1
DA:2,1
DA:3,1
DA:4,1
DA:5,1
DA:6,1
DA:7,1
DA:8,1
DA:9,5
DA:10,5
DA:11,1
DA:12,1
DA:13,5
DA:14,5
DA:15,5
DA:16,5
DA:17,5
DA:18,2
DA:19,2
DA:20,2
DA:21,5
DA:22,5
DA:23,5
DA:24,5
DA:25,5
DA:26,5
DA:27,5
DA:28,5
DA:29,5
DA:30,5
DA:31,5
DA:32,5
DA:33,5
DA:34,5
DA:35,5
DA:36,5
DA:37,5
DA:38,5
DA:39,5
DA:40,5
DA:41,5
LF:41
LH:41
BRDA:8,0,0,5
BRDA:16,1,0,0
BRDA:16,2,0,0
BRDA:34,3,0,1
BRDA:34,4,0,4
BRDA:37,5,0,1
BRDA:37,6,0,4
BRDA:10,7,0,1
BRDA:11,8,0,0
BRDA:15,9,0,5
BRDA:17,10,0,2
BRF:11
BRH:8
end_of_record
TN:
SF:src\pages\PostsList.tsx
FN:13,PostsList
FN:37,handleChange
FN:86,onClick
FNF:3
FNH:1
FNDA:4,PostsList
FNDA:0,handleChange
FNDA:0,onClick
DA:1,1
DA:2,1
DA:3,1
DA:4,1
DA:5,1
DA:6,1
DA:7,1
DA:8,1
DA:9,1
DA:10,1
DA:11,1
DA:12,1
DA:13,1
DA:14,4
DA:15,4
DA:16,4
DA:17,4
DA:18,4
DA:19,4
DA:20,0
DA:21,0
DA:22,0
DA:23,0
DA:24,0
DA:25,0
DA:26,0
DA:27,0
DA:28,0
DA:29,0
DA:30,0
DA:31,4
DA:32,4
DA:33,4
DA:34,4
DA:35,4
DA:36,4
DA:37,4
DA:38,0
DA:39,0
DA:40,4
DA:41,4
DA:42,4
DA:43,4
DA:44,4
DA:45,4
DA:46,4
DA:47,4
DA:48,4
DA:49,4
DA:50,4
DA:51,4
DA:52,4
DA:53,4
DA:54,4
DA:55,4
DA:56,4
DA:57,4
DA:58,4
DA:59,4
DA:60,4
DA:61,4
DA:62,4
DA:63,4
DA:64,4
DA:65,4
DA:66,4
DA:67,4
DA:68,4
DA:69,4
DA:70,4
DA:71,4
DA:72,4
DA:73,4
DA:74,4
DA:75,4
DA:76,4
DA:77,4
DA:78,4
DA:79,4
DA:80,4
DA:81,4
DA:82,4
DA:83,4
DA:84,4
DA:85,4
DA:86,4
DA:87,4
DA:88,4
DA:89,4
DA:90,4
DA:91,4
DA:92,4
DA:93,4
DA:94,4
LF:94
LH:81
BRDA:13,0,0,4
BRDA:53,1,0,0
BRDA:57,2,0,0
BRDA:68,3,0,0
BRDA:82,4,0,0
BRDA:18,5,0,4
BRDA:19,6,0,0
BRDA:19,7,0,0
BRDA:58,8,0,4
BRDA:69,9,0,4
BRF:10
BRH:4
end_of_record
TN:
SF:src\store\store.ts
FN:21,middleware
FNF:1
FNH:1
FNDA:6,middleware
DA:1,1
DA:2,1
DA:3,1
DA:4,1
DA:5,1
DA:6,1
DA:7,1
DA:8,1
DA:9,1
DA:10,1
DA:11,1
DA:12,1
DA:13,1
DA:14,1
DA:15,1
DA:16,1
DA:17,1
DA:18,1
DA:19,1
DA:20,1
DA:21,1
DA:22,1
DA:23,1
DA:24,1
DA:25,1
DA:26,1
DA:27,1
DA:28,1
LF:28
LH:28
BRDA:21,0,0,6
BRF:1
BRH:1
end_of_record
TN:
SF:src\store\slices\cardsSlice.ts
FN:41,_callee
FN:41,_callee$
FN:54,filterCards
FN:84,extraReducers
FNF:4
FNH:4
FNDA:2,_callee
FNDA:4,_callee$
FNDA:4,filterCards
FNDA:15,extraReducers
DA:1,1
DA:2,1
DA:3,1
DA:4,1
DA:5,1
DA:6,1
DA:7,1
DA:8,1
DA:9,1
DA:10,1
DA:11,1
DA:12,1
DA:13,1
DA:14,1
DA:15,1
DA:16,1
DA:17,1
DA:18,1
DA:19,1
DA:20,1
DA:21,1
DA:22,1
DA:23,1
DA:24,1
DA:25,1
DA:26,1
DA:27,1
DA:28,1
DA:29,1
DA:30,1
DA:31,1
DA:32,1
DA:33,1
DA:34,1
DA:35,1
DA:36,1
DA:37,1
DA:38,1
DA:39,1
DA:40,1
DA:41,1
DA:42,2
DA:43,2
DA:44,1
DA:45,1
DA:46,1
DA:47,1
DA:48,1
DA:49,1
DA:50,1
DA:51,1
DA:52,1
DA:53,1
DA:54,1
DA:55,4
DA:56,4
DA:57,4
DA:58,4
DA:59,2
DA:60,4
DA:61,0
DA:62,0
DA:63,4
DA:64,4
DA:65,8
DA:66,8
DA:67,16
DA:68,4
DA:69,16
DA:70,8
DA:71,12
DA:72,4
DA:73,4
DA:74,2
DA:75,4
DA:76,4
DA:77,16
DA:78,8
DA:79,4
DA:80,4
DA:81,4
DA:82,4
DA:83,1
DA:84,1
DA:85,15
DA:86,1
DA:87,1
DA:88,1
DA:89,1
DA:90,15
DA:91,2
DA:92,2
DA:93,15
DA:94,1
DA:95,1
DA:96,1
DA:97,15
DA:98,1
DA:99,1
DA:100,1
DA:101,1
DA:102,1
LF:102
LH:100
BRDA:39,0,0,15
BRDA:41,1,0,2
BRDA:41,2,0,4
BRDA:41,3,0,2
BRDA:41,4,0,0
BRDA:41,5,0,2
BRDA:43,6,0,1
BRDA:46,7,0,1
BRDA:39,8,0,2
BRDA:54,9,0,4
BRDA:58,10,0,2
BRDA:60,11,0,0
BRDA:64,12,0,8
BRDA:66,13,0,16
BRDA:67,14,0,4
BRDA:69,15,0,12
BRDA:69,16,0,8
BRDA:71,17,0,4
BRDA:73,18,0,2
BRDA:84,19,0,15
BRDA:85,20,0,1
BRDA:90,21,0,2
BRDA:93,22,0,1
BRF:23
BRH:21
end_of_record
TN:
SF:src\store\slices\createPostSlice.ts
FN:12,_callee
FN:12,_callee$
FNF:2
FNH:2
FNDA:1,_callee
FNDA:2,_callee$
DA:1,1
DA:2,1
DA:3,1
DA:4,1
DA:5,1
DA:6,1
DA:7,1
DA:8,1
DA:9,1
DA:10,1
DA:11,1
DA:12,1
DA:13,1
DA:14,1
DA:15,1
DA:16,1
DA:17,0
DA:18,0
DA:19,0
DA:20,0
DA:21,0
DA:22,0
DA:23,1
DA:24,1
DA:25,1
DA:26,1
DA:27,1
DA:28,1
DA:29,1
DA:30,1
DA:31,1
DA:32,1
DA:33,1
DA:34,1
DA:35,1
DA:36,1
DA:37,1
DA:38,1
DA:39,1
DA:40,1
DA:41,1
DA:42,1
DA:43,1
DA:44,0
DA:45,0
DA:46,1
DA:47,1
DA:48,1
DA:49,1
DA:50,1
DA:51,1
DA:52,1
DA:53,1
DA:54,1
DA:55,1
DA:56,1
DA:57,1
DA:58,1
DA:59,1
DA:60,1
DA:61,1
DA:62,1
DA:63,1
DA:64,1
DA:65,1
DA:66,1
DA:67,0
DA:68,0
DA:69,0
DA:70,1
DA:71,1
DA:72,1
DA:73,1
DA:74,1
DA:75,1
LF:75
LH:64
BRDA:10,0,0,15
BRDA:12,1,0,1
BRDA:12,2,0,2
BRDA:12,3,0,1
BRDA:12,4,0,0
BRDA:12,5,0,1
BRDA:14,6,0,1
BRDA:16,7,0,0
BRDA:25,8,0,1
BRDA:32,9,0,1
BRDA:10,10,0,1
BRDA:60,11,0,1
BRDA:63,12,0,1
BRF:13
BRH:11
end_of_record
TN:
SF:src\store\slices\getUsersAvatarSlice.ts
FN:18,_callee
FN:18,_callee$
FN:33,extraReducers
FNF:3
FNH:3
FNDA:2,_callee
FNDA:4,_callee$
FNDA:15,extraReducers
DA:1,1
DA:2,1
DA:3,1
DA:4,1
DA:5,1
DA:6,1
DA:7,1
DA:8,1
DA:9,1
DA:10,1
DA:11,1
DA:12,1
DA:13,1
DA:14,1
DA:15,1
DA:16,1
DA:17,1
DA:18,1
DA:19,2
DA:20,2
DA:21,1
DA:22,1
DA:23,1
DA:24,1
DA:25,1
DA:26,1
DA:27,1
DA:28,1
DA:29,1
DA:30,1
DA:31,1
DA:32,1
DA:33,1
DA:34,15
DA:35,1
DA:36,1
DA:37,1
DA:38,1
DA:39,15
DA:40,2
DA:41,2
DA:42,15
DA:43,1
DA:44,1
DA:45,1
DA:46,15
DA:47,1
DA:48,1
DA:49,1
DA:50,1
DA:51,1
LF:51
LH:51
BRDA:16,0,0,15
BRDA:18,1,0,2
BRDA:18,2,0,4
BRDA:18,3,0,2
BRDA:18,4,0,0
BRDA:18,5,0,2
BRDA:20,6,0,1
BRDA:25,7,0,1
BRDA:16,8,0,2
BRDA:33,9,0,15
BRDA:34,10,0,1
BRDA:39,11,0,2
BRDA:42,12,0,1
BRF:13
BRH:12
end_of_record
TN:
SF:src\store\slices\postSlice.ts
FN:19,_callee
FN:19,_callee$
FN:28,_callee2
FN:40,setComments
FN:44,extraReducers
FNF:5
FNH:3
FNDA:2,_callee
FNDA:4,_callee$
FNDA:0,_callee2
FNDA:0,setComments
FNDA:15,extraReducers
DA:1,1
DA:2,1
DA:3,1
DA:4,1
DA:5,1
DA:6,1
DA:7,1
DA:8,1
DA:9,1
DA:10,1
DA:11,1
DA:12,1
DA:13,1
DA:14,1
DA:15,1
DA:16,1
DA:17,1
DA:18,1
DA:19,1
DA:20,2
DA:21,2
DA:22,1
DA:23,1
DA:24,1
DA:25,1
DA:26,1
DA:27,1
DA:28,1
DA:29,1
DA:30,1
DA:31,1
DA:32,1
DA:33,1
DA:34,1
DA:35,1
DA:36,1
DA:37,1
DA:38,1
DA:39,1
DA:40,1
DA:41,0
DA:42,0
DA:43,1
DA:44,1
DA:45,15
DA:46,1
DA:47,1
DA:48,1
DA:49,15
DA:50,2
DA:51,2
DA:52,15
DA:53,1
DA:54,1
DA:55,1
DA:56,15
DA:57,1
DA:58,1
DA:59,1
DA:60,1
DA:61,1
LF:61
LH:59
BRDA:17,0,0,15
BRDA:19,1,0,2
BRDA:19,2,0,4
BRDA:19,3,0,2
BRDA:19,4,0,0
BRDA:19,5,0,2
BRDA:21,6,0,1
BRDA:22,7,0,1
BRDA:17,8,0,2
BRDA:26,9,0,15
BRDA:44,10,0,15
BRDA:45,11,0,1
BRDA:49,12,0,2
BRDA:52,13,0,1
BRF:14
BRH:13
end_of_record
TN:
SF:src\store\slices\ratingSlice.ts
FN:23,_callee
FN:41,_callee2
FN:69,updateRating
FN:73,extraReducers
FNF:4
FNH:1
FNDA:0,_callee
FNDA:0,_callee2
FNDA:0,updateRating
FNDA:15,extraReducers
DA:1,1
DA:2,1
DA:3,1
DA:4,1
DA:5,1
DA:6,1
DA:7,1
DA:8,1
DA:9,1
DA:10,1
DA:11,1
DA:12,1
DA:13,1
DA:14,1
DA:15,1
DA:16,1
DA:17,1
DA:18,1
DA:19,1
DA:20,1
DA:21,1
DA:22,1
DA:23,1
DA:24,1
DA:25,1
DA:26,1
DA:27,1
DA:28,1
DA:29,1
DA:30,1
DA:31,1
DA:32,1
DA:33,1
DA:34,1
DA:35,1
DA:36,1
DA:37,1
DA:38,1
DA:39,1
DA:40,1
DA:41,1
DA:42,1
DA:43,1
DA:44,1
DA:45,1
DA:46,1
DA:47,1
DA:48,1
DA:49,1
DA:50,1
DA:51,1
DA:52,1
DA:53,1
DA:54,1
DA:55,1
DA:56,1
DA:57,1
DA:58,1
DA:59,1
DA:60,1
DA:61,1
DA:62,1
DA:63,1
DA:64,1
DA:65,1
DA:66,1
DA:67,1
DA:68,1
DA:69,1
DA:70,0
DA:71,0
DA:72,1
DA:73,1
DA:74,15
DA:75,0
DA:76,0
DA:77,0
DA:78,0
DA:79,0
DA:80,0
DA:81,0
DA:82,15
DA:83,0
DA:84,0
DA:85,15
DA:86,0
DA:87,0
DA:88,0
DA:89,15
DA:90,1
DA:91,1
DA:92,1
DA:93,1
DA:94,1
LF:94
LH:80
BRDA:21,0,0,15
BRDA:39,1,0,15
BRDA:73,2,0,15
BRF:3
BRH:3
end_of_record
TN:
SF:src\store\slices\userDataSlice.ts
FN:30,_callee
FN:30,_callee$
FN:44,_callee2
FN:59,_callee3
FN:59,_callee3$
FN:73,updateUserWorkout
FN:76,deleteUserWorkout
FN:84,extraReducers
FNF:8
FNH:5
FNDA:1,_callee
FNDA:2,_callee$
FNDA:0,_callee2
FNDA:2,_callee3
FNDA:4,_callee3$
FNDA:0,updateUserWorkout
FNDA:0,deleteUserWorkout
FNDA:14,extraReducers
DA:1,1
DA:2,1
DA:3,1
DA:4,1
DA:5,1
DA:6,1
DA:7,1
DA:8,1
DA:9,1
DA:10,1
DA:11,1
DA:12,1
DA:13,1
DA:14,1
DA:15,1
DA:16,1
DA:17,1
DA:18,1
DA:19,1
DA:20,1
DA:21,1
DA:22,1
DA:23,1
DA:24,1
DA:25,1
DA:26,1
DA:27,1
DA:28,1
DA:29,1
DA:30,1
DA:31,1
DA:32,1
DA:33,1
DA:34,1
DA:35,1
DA:36,1
DA:37,1
DA:38,1
DA:39,1
DA:40,1
DA:41,1
DA:42,1
DA:43,1
DA:44,1
DA:45,1
DA:46,1
DA:47,1
DA:48,1
DA:49,1
DA:50,1
DA:51,1
DA:52,1
DA:53,1
DA:54,1
DA:55,1
DA:56,1
DA:57,1
DA:58,1
DA:59,1
DA:60,2
DA:61,2
DA:62,2
DA:63,2
DA:64,2
DA:65,1
DA:66,1
DA:67,1
DA:68,1
DA:69,1
DA:70,1
DA:71,1
DA:72,1
DA:73,1
DA:74,0
DA:75,0
DA:76,1
DA:77,0
DA:78,0
DA:79,0
DA:80,0
DA:81,0
DA:82,0
DA:83,1
DA:84,1
DA:85,14
DA:86,1
DA:87,1
DA:88,1
DA:89,1
DA:90,1
DA:91,1
DA:92,14
DA:93,2
DA:94,2
DA:95,14
DA:96,1
DA:97,1
DA:98,1
DA:99,14
DA:100,14
DA:101,1
DA:102,1
DA:103,1
DA:104,14
DA:105,1
DA:106,1
DA:107,14
DA:108,0
DA:109,0
DA:110,0
DA:111,14
DA:112,14
DA:113,0
DA:114,0
DA:115,14
DA:116,0
DA:117,0
DA:118,14
DA:119,0
DA:120,0
DA:121,0
DA:122,14
DA:123,1
DA:124,1
DA:125,1
DA:126,1
DA:127,1
LF:127
LH:109
BRDA:28,0,0,14
BRDA:30,1,0,1
BRDA:30,2,0,2
BRDA:30,3,0,1
BRDA:30,4,0,0
BRDA:30,5,0,1
BRDA:33,6,0,1
BRDA:28,7,0,1
BRDA:42,8,0,14
BRDA:57,9,0,14
BRDA:59,10,0,2
BRDA:59,11,0,4
BRDA:59,12,0,2
BRDA:59,13,0,0
BRDA:59,14,0,2
BRDA:64,15,0,1
BRDA:65,16,0,1
BRDA:57,17,0,2
BRDA:84,18,0,14
BRDA:85,19,0,1
BRDA:92,20,0,2
BRDA:95,21,0,1
BRDA:100,22,0,1
BRDA:104,23,0,1
BRF:24
BRH:22
end_of_record
TN:
SF:src\store\slices\userSlice.ts
FN:17,_callee
FN:17,_callee$
FN:39,_callee2
FN:39,_callee2$
FN:46,_callee3
FN:46,_callee3$
FN:55,_callee4
FN:76,setUser
FN:81,removeUser
FN:88,extraReducers
FNF:10
FNH:9
FNDA:1,_callee
FNDA:2,_callee$
FNDA:2,_callee2
FNDA:4,_callee2$
FNDA:2,_callee3
FNDA:4,_callee3$
FNDA:0,_callee4
FNDA:1,setUser
FNDA:1,removeUser
FNDA:15,extraReducers
DA:1,1
DA:2,1
DA:3,1
DA:4,1
DA:5,1
DA:6,1
DA:7,1
DA:8,1
DA:9,1
DA:10,1
DA:11,1
DA:12,1
DA:13,1
DA:14,1
DA:15,1
DA:16,1
DA:17,1
DA:18,1
DA:19,1
DA:20,1
DA:21,1
DA:22,1
DA:23,1
DA:24,1
DA:25,1
DA:26,1
DA:27,1
DA:28,1
DA:29,1
DA:30,1
DA:31,0
DA:32,0
DA:33,1
DA:34,1
DA:35,1
DA:36,1
DA:37,1
DA:38,1
DA:39,1
DA:40,1
DA:41,1
DA:42,1
DA:43,1
DA:44,1
DA:45,1
DA:46,1
DA:47,1
DA:48,1
DA:49,1
DA:50,1
DA:51,1
DA:52,1
DA:53,1
DA:54,1
DA:55,1
DA:56,1
DA:57,1
DA:58,1
DA:59,1
DA:60,1
DA:61,1
DA:62,1
DA:63,1
DA:64,1
DA:65,1
DA:66,1
DA:67,1
DA:68,1
DA:69,1
DA:70,1
DA:71,1
DA:72,1
DA:73,1
DA:74,1
DA:75,1
DA:76,1
DA:77,1
DA:78,1
DA:79,1
DA:80,1
DA:81,1
DA:82,1
DA:83,1
DA:84,1
DA:85,1
DA:86,1
DA:87,1
DA:88,1
DA:89,15
DA:90,1
DA:91,1
DA:92,15
DA:93,2
DA:94,2
DA:95,15
DA:96,1
DA:97,1
DA:98,1
DA:99,15
DA:100,1
DA:101,1
DA:102,15
DA:103,2
DA:104,2
DA:105,15
DA:106,1
DA:107,1
DA:108,1
DA:109,15
DA:110,1
DA:111,1
DA:112,1
DA:113,1
DA:114,1
LF:114
LH:112
BRDA:15,0,0,15
BRDA:17,1,0,1
BRDA:17,2,0,2
BRDA:17,3,0,1
BRDA:17,4,0,0
BRDA:17,5,0,1
BRDA:19,6,0,1
BRDA:30,7,0,0
BRDA:15,8,0,1
BRDA:37,9,0,15
BRDA:39,10,0,2
BRDA:39,11,0,4
BRDA:39,12,0,2
BRDA:39,13,0,0
BRDA:39,14,0,2
BRDA:40,15,0,1
BRDA:37,16,0,2
BRDA:44,17,0,15
BRDA:46,18,0,2
BRDA:46,19,0,4
BRDA:46,20,0,2
BRDA:46,21,0,0
BRDA:46,22,0,2
BRDA:47,23,0,1
BRDA:44,24,0,2
BRDA:53,25,0,15
BRDA:76,26,0,1
BRDA:81,27,0,1
BRDA:88,28,0,15
BRDA:89,29,0,1
BRDA:92,30,0,2
BRDA:95,31,0,1
BRDA:99,32,0,1
BRDA:102,33,0,2
BRDA:105,34,0,1
BRF:35
BRH:31
end_of_record
TN:
SF:src\test-utils\fileReaderMock.ts
FNF:0
FNH:0
DA:1,1
DA:2,1
DA:3,1
DA:4,1
DA:5,1
DA:6,1
DA:7,1
DA:8,1
DA:9,1
DA:10,1
DA:11,1
DA:12,1
DA:13,1
DA:14,1
DA:15,1
DA:16,1
DA:17,1
DA:18,1
DA:19,1
DA:20,1
DA:21,1
DA:22,1
DA:23,1
LF:23
LH:23
BRF:0
BRH:0
end_of_record
TN:
SF:src\test-utils\initialStateTest.ts
FNF:0
FNH:0
DA:1,1
DA:2,1
DA:3,1
DA:4,1
DA:5,1
DA:6,1
DA:7,1
DA:8,1
DA:9,1
DA:10,1
DA:11,1
DA:12,1
DA:13,1
DA:14,1
DA:15,1
DA:16,1
DA:17,1
DA:18,1
DA:19,1
DA:20,1
DA:21,1
DA:22,1
DA:23,1
DA:24,1
DA:25,1
DA:26,1
DA:27,1
DA:28,1
DA:29,1
DA:30,1
DA:31,1
DA:32,1
DA:33,1
DA:34,1
DA:35,1
DA:36,1
DA:37,1
DA:38,1
DA:39,1
DA:40,1
DA:41,1
DA:42,1
DA:43,1
DA:44,1
DA:45,1
DA:46,1
DA:47,1
DA:48,1
DA:49,1
DA:50,1
DA:51,1
DA:52,1
DA:53,1
DA:54,1
DA:55,1
DA:56,1
DA:57,1
DA:58,1
DA:59,1
DA:60,1
DA:61,1
DA:62,1
DA:63,1
DA:64,1
DA:65,1
DA:66,1
DA:67,1
DA:68,1
DA:69,1
LF:69
LH:69
BRF:0
BRH:0
end_of_record
TN:
SF:src\test-utils\renderWithReactHookForm.tsx
FN:6,renderWithReactHookForm
FN:10,Wrapper
FNF:2
FNH:2
FNDA:10,renderWithReactHookForm
FNDA:10,Wrapper
DA:1,1
DA:2,1
DA:3,1
DA:4,1
DA:5,1
DA:6,1
DA:7,10
DA:8,10
DA:9,10
DA:10,10
DA:11,10
DA:12,10
DA:13,10
DA:14,10
DA:15,10
DA:16,10
DA:17,10
LF:17
LH:17
BRDA:6,0,0,10
BRDA:9,1,0,4
BRDA:9,2,0,4
BRDA:9,3,0,6
BRDA:9,4,0,6
BRDA:9,5,0,4
BRDA:10,6,0,10
BRF:7
BRH:7
end_of_record
TN:
SF:src\test-utils\renderWithRedux.tsx
FN:15,renderWithRedux
FN:30,middleware
FNF:2
FNH:2
FNDA:16,renderWithRedux
FNDA:16,middleware
DA:1,1
DA:2,1
DA:3,1
DA:4,1
DA:5,1
DA:6,1
DA:7,1
DA:8,1
DA:9,1
DA:10,1
DA:11,1
DA:12,1
DA:13,1
DA:14,1
DA:15,1
DA:16,16
DA:17,16
DA:18,16
DA:19,16
DA:20,16
DA:21,16
DA:22,16
DA:23,16
DA:24,16
DA:25,16
DA:26,16
DA:27,16
DA:28,16
DA:29,16
DA:30,16
DA:31,16
DA:32,16
DA:33,16
DA:34,16
DA:35,16
DA:36,16
DA:37,16
DA:38,16
DA:39,16
LF:39
LH:39
BRDA:15,0,0,16
BRDA:30,1,0,16
BRF:2
BRH:2
end_of_record
TN:
SF:src\test-utils\renderWithReduxAndRouter.tsx
FN:14,renderWithReduxAndRouter
FN:29,middleware
FNF:2
FNH:2
FNDA:18,renderWithReduxAndRouter
FNDA:18,middleware
DA:1,1
DA:2,1
DA:3,1
DA:4,1
DA:5,1
DA:6,1
DA:7,1
DA:8,1
DA:9,1
DA:10,1
DA:11,1
DA:12,1
DA:13,1
DA:14,1
DA:15,18
DA:16,18
DA:17,18
DA:18,18
DA:19,18
DA:20,18
DA:21,18
DA:22,18
DA:23,18
DA:24,18
DA:25,18
DA:26,18
DA:27,18
DA:28,18
DA:29,18
DA:30,18
DA:31,18
DA:32,18
DA:33,18
DA:34,18
DA:35,18
DA:36,18
DA:37,18
DA:38,18
DA:39,18
DA:40,18
DA:41,18
LF:41
LH:41
BRDA:14,0,0,18
BRDA:29,1,0,18
BRF:2
BRH:2
end_of_record
TN:
SF:src\trainingCreator\creatorGroup.ts
FN:3,creatorGroup
FNF:1
FNH:1
FNDA:8,creatorGroup
DA:1,1
DA:2,1
DA:3,1
DA:4,8
DA:5,8
DA:6,8
DA:7,8
DA:8,8
DA:9,8
DA:10,8
DA:11,8
DA:12,8
DA:13,8
DA:14,8
DA:15,8
DA:16,8
DA:17,8
DA:18,8
DA:19,8
DA:20,8
DA:21,8
DA:22,8
DA:23,8
DA:24,8
DA:25,8
DA:26,8
DA:27,8
DA:28,8
DA:29,8
DA:30,8
DA:31,8
DA:32,8
DA:33,8
DA:34,8
DA:35,8
DA:36,8
DA:37,8
DA:38,8
DA:39,8
DA:40,8
DA:41,8
DA:42,8
DA:43,8
DA:44,8
DA:45,8
DA:46,8
DA:47,8
DA:48,8
DA:49,8
DA:50,8
DA:51,8
DA:52,8
DA:53,8
DA:54,8
DA:55,8
DA:56,8
LF:56
LH:56
BRDA:3,0,0,8
BRF:1
BRH:1
end_of_record
TN:
SF:src\trainingCreator\exercisesStorage.ts
FNF:0
FNH:0
DA:1,1
DA:2,1
DA:3,1
DA:4,1
DA:5,1
DA:6,1
DA:7,1
DA:8,1
DA:9,1
DA:10,1
DA:11,1
DA:12,1
DA:13,1
DA:14,1
DA:15,1
DA:16,1
DA:17,1
DA:18,1
DA:19,1
DA:20,1
DA:21,1
DA:22,1
DA:23,1
DA:24,1
DA:25,1
DA:26,1
DA:27,1
DA:28,1
DA:29,1
DA:30,1
DA:31,1
DA:32,1
DA:33,1
DA:34,1
DA:35,1
DA:36,1
DA:37,1
DA:38,1
DA:39,1
DA:40,1
DA:41,1
DA:42,1
DA:43,1
DA:44,1
DA:45,1
DA:46,1
DA:47,1
DA:48,1
DA:49,1
DA:50,1
DA:51,1
DA:52,1
DA:53,1
DA:54,1
DA:55,1
DA:56,1
DA:57,1
DA:58,1
DA:59,1
DA:60,1
DA:61,1
DA:62,1
DA:63,1
DA:64,1
DA:65,1
DA:66,1
DA:67,1
DA:68,1
DA:69,1
DA:70,1
DA:71,1
DA:72,1
DA:73,1
DA:74,1
DA:75,1
DA:76,1
DA:77,1
DA:78,1
DA:79,1
DA:80,1
DA:81,1
DA:82,1
DA:83,1
LF:83
LH:83
BRF:0
BRH:0
end_of_record
TN:
SF:src\trainingCreator\generator.ts
FN:4,generator
FNF:1
FNH:1
FNDA:10,generator
DA:1,1
DA:2,1
DA:3,1
DA:4,1
DA:5,10
DA:6,10
DA:7,10
DA:8,10
DA:9,10
DA:10,10
DA:11,10
DA:12,10
DA:13,10
DA:14,10
DA:15,10
DA:16,10
DA:17,10
DA:18,10
DA:19,10
DA:20,10
DA:21,10
DA:22,10
DA:23,10
DA:24,60
DA:25,180
DA:26,180
DA:27,180
DA:28,180
DA:29,180
DA:30,180
DA:31,180
DA:32,180
DA:33,1026
DA:34,1026
DA:35,1026
DA:36,1026
DA:37,180
DA:38,180
DA:39,180
DA:40,60
DA:41,10
DA:42,10
DA:43,10
LF:43
LH:43
BRDA:4,0,0,10
BRDA:4,1,0,30
BRDA:23,2,0,60
BRDA:24,3,0,180
BRDA:32,4,0,1026
BRF:5
BRH:5
end_of_record
TN:
SF:src\trainingCreator\trainingCreator.ts
FN:11,trainingCreator
FN:12,addIntensity
FN:12,_loop
FNF:3
FNH:3
FNDA:7,trainingCreator
FNDA:7,addIntensity
FNDA:49,_loop
DA:1,1
DA:2,1
DA:3,1
DA:4,1
DA:5,1
DA:6,1
DA:7,1
DA:8,1
DA:9,1
DA:10,1
DA:11,1
DA:12,7
DA:13,7
DA:14,7
DA:15,7
DA:16,7
DA:17,7
DA:18,7
DA:19,7
DA:20,7
DA:21,49
DA:22,112
DA:23,420
DA:24,168
DA:25,168
DA:26,168
DA:27,48
DA:28,48
DA:29,168
DA:30,120
DA:31,120
DA:32,120
DA:33,0
DA:34,0
DA:35,0
DA:36,420
DA:37,252
DA:38,126
DA:39,126
DA:40,252
DA:41,189
DA:42,189
DA:43,189
DA:44,54
DA:45,54
DA:46,189
DA:47,135
DA:48,135
DA:49,135
DA:50,0
DA:51,0
DA:52,0
DA:53,252
DA:54,63
DA:55,63
DA:56,63
DA:57,420
DA:58,420
DA:59,182
DA:60,420
DA:61,238
DA:62,238
DA:63,420
DA:64,112
DA:65,49
DA:66,7
DA:67,7
DA:68,7
DA:69,7
DA:70,7
DA:71,7
DA:72,7
DA:73,7
DA:74,7
DA:75,7
DA:76,7
DA:77,7
DA:78,7
DA:79,7
DA:80,7
DA:81,7
DA:82,7
DA:83,7
DA:84,7
DA:85,7
DA:86,7
DA:87,7
DA:88,7
DA:89,7
DA:90,7
DA:91,7
DA:92,7
DA:93,7
DA:94,7
DA:95,7
DA:96,7
DA:97,4
DA:98,0
DA:99,0
DA:100,0
DA:101,0
DA:102,0
DA:103,0
DA:104,0
DA:105,0
DA:106,0
DA:107,0
DA:108,0
DA:109,0
DA:110,0
DA:111,0
DA:112,7
DA:113,1
DA:114,0
DA:115,0
DA:116,0
DA:117,0
DA:118,0
DA:119,0
DA:120,0
DA:121,0
DA:122,0
DA:123,0
DA:124,0
DA:125,0
DA:126,0
DA:127,0
DA:128,7
DA:129,2
DA:130,0
DA:131,0
DA:132,0
DA:133,0
DA:134,0
DA:135,0
DA:136,0
DA:137,0
DA:138,0
DA:139,0
DA:140,0
DA:141,0
DA:142,0
DA:143,0
DA:144,7
DA:145,7
LF:145
LH:97
BRDA:11,0,0,7
BRDA:96,1,0,4
BRDA:98,2,0,3
BRDA:99,3,0,2
BRDA:99,4,0,1
BRDA:102,5,0,0
BRDA:106,6,0,1
BRDA:107,7,0,0
BRDA:97,8,0,0
BRDA:112,9,0,1
BRDA:114,10,0,0
BRDA:118,11,0,0
BRDA:123,12,0,0
BRDA:113,13,0,0
BRDA:128,14,0,2
BRDA:130,15,0,0
BRDA:135,16,0,1
BRDA:135,17,0,1
BRDA:138,18,0,0
BRDA:129,19,0,0
BRDA:12,20,0,7
BRDA:20,21,0,49
BRDA:68,22,0,3
BRDA:74,23,0,2
BRDA:80,24,0,2
BRDA:86,25,0,0
BRDA:12,26,0,49
BRDA:21,27,0,112
BRDA:22,28,0,420
BRDA:23,29,0,364
BRDA:23,30,0,301
BRDA:23,31,0,168
BRDA:26,32,0,48
BRDA:29,33,0,120
BRDA:32,34,0,0
BRDA:36,35,0,252
BRDA:37,36,0,189
BRDA:37,37,0,126
BRDA:40,38,0,189
BRDA:43,39,0,54
BRDA:46,40,0,135
BRDA:49,41,0,0
BRDA:53,42,0,63
BRDA:58,43,0,182
BRDA:60,44,0,238
BRF:45
BRH:32
end_of_record
